#
# There is insufficient memory for the Java Runtime Environment to continue.
# Native memory allocation (mmap) failed to map 65011712 bytes for Failed to commit area from 0x00000000c2c00000 to 0x00000000c6a00000 of length 65011712.
# Possible reasons:
#   The system is out of physical RAM or swap space
#   The process is running with CompressedOops enabled, and the Java Heap may be blocking the growth of the native heap
# Possible solutions:
#   Reduce memory load on the system
#   Increase physical memory or swap space
#   Check if swap backing store is full
#   Decrease Java heap size (-Xmx/-Xms)
#   Decrease number of Java threads
#   Decrease Java thread stack sizes (-Xss)
#   Set larger code cache with -XX:ReservedCodeCacheSize=
# This output file may be truncated or incomplete.
#
#  Out of Memory Error (t:/workspace/open/src/hotspot/os/windows/os_windows.cpp:3275), pid=532, tid=9732
#
# JRE version:  (11.0.4+10) (build )
# Java VM: Java HotSpot(TM) 64-Bit Server VM (11.0.4+10-LTS, mixed mode, aot, sharing, tiered, compressed oops, g1 gc, windows-amd64)
# No core dump will be written. Minidumps are not enabled by default on client versions of Windows
#

---------------  S U M M A R Y ------------

Command Line: -Dfile.encoding=Cp1252 ie.gmit.sw.Runner

Host: Intel(R) Celeron(R) N4000 CPU @ 1.10GHz, 2 cores, 3G,  Windows 10 , 64 bit Build 18362 (10.0.18362.329)
Time: Sat Apr  4 14:55:46 2020 GMT Daylight Time elapsed time: 0 seconds (0d 0h 0m 0s)

---------------  T H R E A D  ---------------

Current thread (0x000002500d6ec800):  JavaThread "Unknown thread" [_thread_in_vm, id=9732, stack(0x000000cf78400000,0x000000cf78500000)]

Stack: [0x000000cf78400000,0x000000cf78500000]
Native frames: (J=compiled Java code, j=interpreted, Vv=VM code, C=native code)
V  [jvm.dll+0x635bda]
V  [jvm.dll+0x77360f]
V  [jvm.dll+0x774cba]
V  [jvm.dll+0x775373]
V  [jvm.dll+0x25e668]
V  [jvm.dll+0x63306a]
V  [jvm.dll+0x627ab5]
V  [jvm.dll+0x314f8c]
V  [jvm.dll+0x314e12]
V  [jvm.dll+0x31a676]
V  [jvm.dll+0x36676f]
V  [jvm.dll+0x366190]
V  [jvm.dll+0x2f1b18]
V  [jvm.dll+0x2f2c86]
V  [jvm.dll+0x74c777]
V  [jvm.dll+0x74debf]
V  [jvm.dll+0x3735a9]
V  [jvm.dll+0x732e09]
V  [jvm.dll+0x3e2c0d]
V  [jvm.dll+0x3e4ee1]
C  [javaw.exe+0x3617]
C  [javaw.exe+0x17e2c]
C  [KERNEL32.DLL+0x17bd4]
C  [ntdll.dll+0x6ced1]


---------------  P R O C E S S  ---------------

Threads class SMR info:
_java_thread_list=0x000002500d5e3170, length=0, elements={
}

Java Threads: ( => current thread )

Other Threads:
  0x000002500d702800 GCTaskThread "GC Thread#0" [stack: 0x000000cf78500000,0x000000cf78600000] [id=11236]
  0x000002500d71c800 ConcurrentGCThread "G1 Main Marker" [stack: 0x000000cf78600000,0x000000cf78700000] [id=12608]
  0x000002500d71f800 ConcurrentGCThread "G1 Conc#0" [stack: 0x000000cf78700000,0x000000cf78800000] [id=1640]

[error occurred during error reporting (printing all threads), id 0xc0000005, EXCEPTION_ACCESS_VIOLATION (0xc0000005) at pc=0x00007ffb9c9203e7]

VM state:not at safepoint (not fully initialized)

VM Mutex/Monitor currently owned by a thread:  ([mutex/lock_event])
[0x000002500d6e7940] Heap_lock - owner thread: 0x000002500d6ec800

Heap address: 0x00000000c2c00000, size: 980 MB, Compressed Oops mode: Non-zero based: 0x00000000c2c00000
Narrow klass base: 0x0000000000000000, Narrow klass shift: 0

GC Heap History (0 events):
No events

Deoptimization events (0 events):
No events

Classes redefined (0 events):
No events

Internal exceptions (0 events):
No events

Events (0 events):
No events


Dynamic libraries:
0x00007ff682bc0000 - 0x00007ff682c07000 	C:\Program Files\Java\jdk-11.0.4\bin\javaw.exe
0x00007ffbcf4c0000 - 0x00007ffbcf6b0000 	C:\Windows\SYSTEM32\ntdll.dll
0x00007ffbce000000 - 0x00007ffbce0b2000 	C:\Windows\System32\KERNEL32.DLL
0x00007ffbcd050000 - 0x00007ffbcd2f3000 	C:\Windows\System32\KERNELBASE.dll
0x00007ffbcd7a0000 - 0x00007ffbcd843000 	C:\Windows\System32\ADVAPI32.dll
0x00007ffbcd700000 - 0x00007ffbcd79e000 	C:\Windows\System32\msvcrt.dll
0x00007ffbcd630000 - 0x00007ffbcd6c7000 	C:\Windows\System32\sechost.dll
0x00007ffbce490000 - 0x00007ffbce5b0000 	C:\Windows\System32\RPCRT4.dll
0x00007ffbce5d0000 - 0x00007ffbce764000 	C:\Windows\System32\USER32.dll
0x00007ffbcc5a0000 - 0x00007ffbcc5c1000 	C:\Windows\System32\win32u.dll
0x00007ffbcd6d0000 - 0x00007ffbcd6f6000 	C:\Windows\System32\GDI32.dll
0x00007ffbcd3d0000 - 0x00007ffbcd564000 	C:\Windows\System32\gdi32full.dll
0x00007ffbcd300000 - 0x00007ffbcd39e000 	C:\Windows\System32\msvcp_win.dll
0x00007ffbcc5d0000 - 0x00007ffbcc6ca000 	C:\Windows\System32\ucrtbase.dll
0x00007ffbb8870000 - 0x00007ffbb8af5000 	C:\Windows\WinSxS\amd64_microsoft.windows.common-controls_6595b64144ccf1df_6.0.18362.720_none_e6beb5c51314836b\COMCTL32.dll
0x00007ffbcd850000 - 0x00007ffbcdb86000 	C:\Windows\System32\combase.dll
0x00007ffbc1f50000 - 0x00007ffbc1f5a000 	C:\Windows\SYSTEM32\VERSION.dll
0x00007ffbcc520000 - 0x00007ffbcc5a0000 	C:\Windows\System32\bcryptPrimitives.dll
0x00007ffbce460000 - 0x00007ffbce48e000 	C:\Windows\System32\IMM32.DLL
0x00007ffbc5630000 - 0x00007ffbc5660000 	C:\PROGRA~1\BULLGU~1\BULLGU~1\BgAgent.dll
0x00007ffbbb000000 - 0x00007ffbbb016000 	C:\Program Files\Java\jdk-11.0.4\bin\vcruntime140.dll
0x00007ffbbaf50000 - 0x00007ffbbaffa000 	C:\Program Files\Java\jdk-11.0.4\bin\msvcp140.dll
0x00007ffb9c620000 - 0x00007ffb9d147000 	C:\Program Files\Java\jdk-11.0.4\bin\server\jvm.dll
0x00007ffbce5b0000 - 0x00007ffbce5b8000 	C:\Windows\System32\PSAPI.DLL
0x00007ffbb75a0000 - 0x00007ffbb75a9000 	C:\Windows\SYSTEM32\WSOCK32.dll
0x00007ffbc9c90000 - 0x00007ffbc9cb4000 	C:\Windows\SYSTEM32\WINMM.dll
0x00007ffbcf290000 - 0x00007ffbcf2ff000 	C:\Windows\System32\WS2_32.dll
0x00007ffbc9c60000 - 0x00007ffbc9c8d000 	C:\Windows\SYSTEM32\WINMMBASE.dll
0x00007ffbcc6d0000 - 0x00007ffbcc71a000 	C:\Windows\System32\cfgmgr32.dll
0x00007ffbcc390000 - 0x00007ffbcc3a1000 	C:\Windows\System32\kernel.appcore.dll
0x00007ffbaa460000 - 0x00007ffbaa471000 	C:\Program Files\Java\jdk-11.0.4\bin\verify.dll
0x00007ffbcad60000 - 0x00007ffbcaf54000 	C:\Windows\SYSTEM32\DBGHELP.DLL
0x00007ffbb5a90000 - 0x00007ffbb5aba000 	C:\Windows\SYSTEM32\dbgcore.DLL
0x00007ffbaa430000 - 0x00007ffbaa459000 	C:\Program Files\Java\jdk-11.0.4\bin\java.dll
0x00007ffbaa410000 - 0x00007ffbaa426000 	C:\Program Files\Java\jdk-11.0.4\bin\zip.dll
0x00007ffbaa400000 - 0x00007ffbaa40a000 	C:\Program Files\Java\jdk-11.0.4\bin\jimage.dll

dbghelp: loaded successfully - version: 4.0.5 - missing functions: none
symbol engine: initialized successfully - sym options: 0x614 - pdb path: .;C:\Program Files\Java\jdk-11.0.4\bin;C:\Windows\SYSTEM32;C:\Windows\WinSxS\amd64_microsoft.windows.common-controls_6595b64144ccf1df_6.0.18362.720_none_e6beb5c51314836b;C:\PROGRA~1\BULLGU~1\BULLGU~1;C:\Program Files\Java\jdk-11.0.4\bin\server

VM Arguments:
jvm_args: -Dfile.encoding=Cp1252 
java_command: ie.gmit.sw.Runner
java_class_path (initial): C:\Users\Welshie\eclipse-workspace\Data Structures Project\bin
Launcher Type: SUN_STANDARD

[Global flags]
     intx CICompilerCount                          = 2                                         {product} {ergonomic}
     uint ConcGCThreads                            = 1                                         {product} {ergonomic}
     uint G1ConcRefinementThreads                  = 2                                         {product} {ergonomic}
   size_t G1HeapRegionSize                         = 1048576                                   {product} {ergonomic}
    uintx GCDrainStackTargetSize                   = 64                                        {product} {ergonomic}
   size_t InitialHeapSize                          = 65011712                                  {product} {ergonomic}
   size_t MarkStackSize                            = 4194304                                   {product} {ergonomic}
   size_t MaxHeapSize                              = 1027604480                                {product} {ergonomic}
   size_t MinHeapDeltaBytes                        = 1048576                                   {product} {ergonomic}
    uintx NonNMethodCodeHeapSize                   = 5824844                                {pd product} {ergonomic}
    uintx NonProfiledCodeHeapSize                  = 122916698                              {pd product} {ergonomic}
    uintx ProfiledCodeHeapSize                     = 122916698                              {pd product} {ergonomic}
    uintx ReservedCodeCacheSize                    = 251658240                              {pd product} {ergonomic}
     bool SegmentedCodeCache                       = true                                      {product} {ergonomic}
     bool UseCompressedClassPointers               = true                                 {lp64_product} {ergonomic}
     bool UseCompressedOops                        = true                                 {lp64_product} {ergonomic}
     bool UseG1GC                                  = true                                      {product} {ergonomic}
     bool UseLargePagesIndividualAllocation        = false                                  {pd product} {ergonomic}

Logging:
Log output configuration:
 #0: stdout all=warning uptime,level,tags
 #1: stderr all=off uptime,level,tags

Environment Variables:
PATH=C:/Program Files/Java/jdk-11.0.4/bin/server;C:/Program Files/Java/jdk-11.0.4/bin;C:\Python27\;C:\Python27\Scripts;C:\Windows\system32;C:\Windows;C:\Windows\System32\Wbem;C:\Windows\System32\WindowsPowerShell\v1.0\;C:\Windows\System32\OpenSSH\;C:\Program Files\dotnet\;C:\Program Files\Microsoft SQL Server\130\Tools\Binn\;C:\Program Files\nodejs\;C:\ProgramData\chocolatey\bin;C:\Program Files\Git\cmd;C:\Users\Welshie\AppData\Local\Microsoft\WindowsApps;;C:\Users\Welshie\AppData\Local\Programs\Microsoft VS Code\bin;C:\Users\Welshie\AppData\Roaming\npm;C:\Users\Welshie\Desktop;
USERNAME=Welshie
OS=Windows_NT
PROCESSOR_IDENTIFIER=Intel64 Family 6 Model 122 Stepping 1, GenuineIntel



---------------  S Y S T E M  ---------------

OS: Windows 10 , 64 bit Build 18362 (10.0.18362.329)

CPU:total 2 (initial active 2) (2 cores per cpu, 1 threads per core) family 6 model 122 stepping 1, cmov, cx8, fxsr, mmx, sse, sse2, sse3, ssse3, sse4.1, sse4.2, popcnt, aes, clmul, erms, 3dnowpref, tsc, tscinvbit, sha

Memory: 4k page, system-wide physical 3918M (737M free)
TotalPageFile size 6268M (AvailPageFile size 42M)
current process WorkingSet (physical memory assigned to process): 10M, peak: 10M
current process commit charge ("private bytes"): 47M, peak: 109M

vm_info: Java HotSpot(TM) 64-Bit Server VM (11.0.4+10-LTS) for windows-amd64 JRE (11.0.4+10-LTS), built on Jul  4 2019 16:28:13 by "mach5one" with MS VC++ 15.5 (VS2017)

END.
