#
# There is insufficient memory for the Java Runtime Environment to continue.
# Native memory allocation (mmap) failed to map 197132288 bytes for Failed to commit area from 0x00000000c9900000 to 0x00000000d5500000 of length 197132288.
# Possible reasons:
#   The system is out of physical RAM or swap space
#   The process is running with CompressedOops enabled, and the Java Heap may be blocking the growth of the native heap
# Possible solutions:
#   Reduce memory load on the system
#   Increase physical memory or swap space
#   Check if swap backing store is full
#   Decrease Java heap size (-Xmx/-Xms)
#   Decrease number of Java threads
#   Decrease Java thread stack sizes (-Xss)
#   Set larger code cache with -XX:ReservedCodeCacheSize=
#   JVM is running with Unscaled Compressed Oops mode in which the Java heap is
#     placed in the first 4GB address space. The Java Heap base address is the
#     maximum limit for the native heap growth. Please use -XX:HeapBaseMinAddress
#     to set the Java Heap base and to place the Java Heap above 4GB virtual address.
# This output file may be truncated or incomplete.
#
#  Out of Memory Error (t:/workspace/open/src/hotspot/os/windows/os_windows.cpp:3275), pid=5956, tid=8704
#
# JRE version: Java(TM) SE Runtime Environment (11.0.4+10) (build 11.0.4+10-LTS)
# Java VM: Java HotSpot(TM) 64-Bit Server VM (11.0.4+10-LTS, mixed mode, tiered, compressed oops, g1 gc, windows-amd64)
# No core dump will be written. Minidumps are not enabled by default on client versions of Windows
#

---------------  S U M M A R Y ------------

Command Line: -Dfile.encoding=Cp1252 ie.gmit.sw.Runner

Host: Intel(R) Celeron(R) N4000 CPU @ 1.10GHz, 2 cores, 3G,  Windows 10 , 64 bit Build 18362 (10.0.18362.329)
Time: Fri Apr 10 20:55:20 2020 GMT Daylight Time elapsed time: 9 seconds (0d 0h 0m 9s)

---------------  T H R E A D  ---------------

Current thread (0x000002153ea50000):  VMThread "VM Thread" [stack: 0x0000006496e00000,0x0000006496f00000] [id=8704]

Stack: [0x0000006496e00000,0x0000006496f00000]
[error occurred during error reporting (printing stack bounds), id 0xc0000005, EXCEPTION_ACCESS_VIOLATION (0xc0000005) at pc=0x000002152a680bbd]

Native frames: (J=compiled Java code, j=interpreted, Vv=VM code, C=native code)
V  [jvm.dll+0x635bda]
V  [jvm.dll+0x77360f]
V  [jvm.dll+0x774cba]
V  [jvm.dll+0x7752d5]
V  [jvm.dll+0x77528b]
V  [jvm.dll+0x6352e6]
V  [jvm.dll+0x6356a8]
C  [ntdll.dll+0xa121f]
C  [ntdll.dll+0x6a289]
C  [ntdll.dll+0x9fe8e]
C  0x000002152a680bbd

VM_Operation (0x00000064968fddf0): G1CollectForAllocation, mode: safepoint, requested by thread 0x00000215207d7000


---------------  P R O C E S S  ---------------

Threads class SMR info:
_java_thread_list=0x000002153ed2f960, length=10, elements={
0x00000215207d7000, 0x000002153ea84800, 0x000002153ea7a800, 0x000002153eae2800,
0x000002153eae5000, 0x000002153eae6000, 0x000002153eb0d800, 0x000002153ec45000,
0x000002153ed32000, 0x000002153ed3f000
}

Java Threads: ( => current thread )
  0x00000215207d7000 JavaThread "main" [_thread_blocked, id=7136, stack(0x0000006496800000,0x0000006496900000)]
  0x000002153ea84800 JavaThread "Reference Handler" daemon [_thread_blocked, id=10452, stack(0x0000006496f00000,0x0000006497000000)]
  0x000002153ea7a800 JavaThread "Finalizer" daemon [_thread_blocked, id=11704, stack(0x0000006497000000,0x0000006497100000)]
  0x000002153eae2800 JavaThread "Signal Dispatcher" daemon [_thread_blocked, id=8564, stack(0x0000006497100000,0x0000006497200000)]
  0x000002153eae5000 JavaThread "Attach Listener" daemon [_thread_blocked, id=12900, stack(0x0000006497200000,0x0000006497300000)]
  0x000002153eae6000 JavaThread "C2 CompilerThread0" daemon [_thread_blocked, id=11428, stack(0x0000006497300000,0x0000006497400000)]
  0x000002153eb0d800 JavaThread "C1 CompilerThread0" daemon [_thread_blocked, id=9188, stack(0x0000006497400000,0x0000006497500000)]
  0x000002153ec45000 JavaThread "Sweeper thread" daemon [_thread_blocked, id=11216, stack(0x0000006497500000,0x0000006497600000)]
  0x000002153ed32000 JavaThread "Service Thread" daemon [_thread_blocked, id=11496, stack(0x0000006497600000,0x0000006497700000)]
  0x000002153ed3f000 JavaThread "Common-Cleaner" daemon [_thread_blocked, id=1608, stack(0x0000006497800000,0x0000006497900000)]

Other Threads:
=>0x000002153ea50000 VMThread "VM Thread" [stack: 0x0000006496e00000,0x0000006496f00000] [id=8704]
  0x000002153ed39800 WatcherThread [stack: 0x0000006497700000,0x0000006497800000] [id=11416]
  0x00000215207ec000 GCTaskThread "GC Thread#0" [stack: 0x0000006496900000,0x0000006496a00000] [id=2032]
  0x000002153ed37800 GCTaskThread "GC Thread#1" [stack: 0x0000006497900000,0x0000006497a00000] [id=8784]
  0x0000021520808000 ConcurrentGCThread "G1 Main Marker" [stack: 0x0000006496a00000,0x0000006496b00000] [id=7428]
  0x000002152080b000 ConcurrentGCThread "G1 Conc#0" [stack: 0x0000006496b00000,0x0000006496c00000] [id=9720]
  0x0000021520847800 ConcurrentGCThread "G1 Refine#0" [stack: 0x0000006496c00000,0x0000006496d00000] [id=8760]
  0x0000021520849800 ConcurrentGCThread "G1 Young RemSet Sampling" [stack: 0x0000006496d00000,0x0000006496e00000] [id=9600]

Threads with active compile tasks:

VM state:at safepoint (normal execution)

VM Mutex/Monitor currently owned by a thread:  ([mutex/lock_event])
[0x00000215207d3dd0] Threads_lock - owner thread: 0x000002153ea50000
[0x00000215207d57b0] Heap_lock - owner thread: 0x00000215207d7000

Heap address: 0x00000000c2c00000, size: 980 MB, Compressed Oops mode: 32-bit
Narrow klass base: 0x0000000000000000, Narrow klass shift: 3
Compressed class space size: 1073741824 Address: 0x0000000100000000

Heap:
 garbage-first heap   total 304128K, used 85504K [0x00000000c2c00000, 0x0000000100000000)
  region size 1024K, 2 young (2048K), 2 survivors (2048K)
 Metaspace       used 6178K, capacity 6232K, committed 6528K, reserved 1056768K
  class space    used 523K, capacity 540K, committed 640K, reserved 1048576K
Heap Regions: E=young(eden), S=young(survivor), O=old, HS=humongous(starts), HC=humongous(continues), CS=collection set, F=free, A=archive, TAMS=top-at-mark-start (previous, next)
|   0|0x00000000c2c00000, 0x00000000c2d00000, 0x00000000c2d00000|100%| O|  |TAMS 0x00000000c2d00000, 0x00000000c2d00000| Untracked 
|   1|0x00000000c2d00000, 0x00000000c2e00000, 0x00000000c2e00000|100%| O|  |TAMS 0x00000000c2e00000, 0x00000000c2e00000| Untracked 
|   2|0x00000000c2e00000, 0x00000000c2f00000, 0x00000000c2f00000|100%| O|  |TAMS 0x00000000c2f00000, 0x00000000c2f00000| Untracked 
|   3|0x00000000c2f00000, 0x00000000c3000000, 0x00000000c3000000|100%| O|  |TAMS 0x00000000c3000000, 0x00000000c3000000| Untracked 
|   4|0x00000000c3000000, 0x00000000c3100000, 0x00000000c3100000|100%| O|  |TAMS 0x00000000c3100000, 0x00000000c3100000| Untracked 
|   5|0x00000000c3100000, 0x00000000c3200000, 0x00000000c3200000|100%| O|  |TAMS 0x00000000c3200000, 0x00000000c3200000| Untracked 
|   6|0x00000000c3200000, 0x00000000c3300000, 0x00000000c3300000|100%| O|  |TAMS 0x00000000c3300000, 0x00000000c3300000| Untracked 
|   7|0x00000000c3300000, 0x00000000c3400000, 0x00000000c3400000|100%| O|  |TAMS 0x00000000c3400000, 0x00000000c3400000| Untracked 
|   8|0x00000000c3400000, 0x00000000c3500000, 0x00000000c3500000|100%| O|  |TAMS 0x00000000c3500000, 0x00000000c3500000| Untracked 
|   9|0x00000000c3500000, 0x00000000c3600000, 0x00000000c3600000|100%| O|  |TAMS 0x00000000c3600000, 0x00000000c3600000| Untracked 
|  10|0x00000000c3600000, 0x00000000c3700000, 0x00000000c3700000|100%| O|  |TAMS 0x00000000c3700000, 0x00000000c3700000| Untracked 
|  11|0x00000000c3700000, 0x00000000c3800000, 0x00000000c3800000|100%| O|  |TAMS 0x00000000c3800000, 0x00000000c3800000| Untracked 
|  12|0x00000000c3800000, 0x00000000c3900000, 0x00000000c3900000|100%| O|  |TAMS 0x00000000c3900000, 0x00000000c3900000| Untracked 
|  13|0x00000000c3900000, 0x00000000c3a00000, 0x00000000c3a00000|100%| O|  |TAMS 0x00000000c3a00000, 0x00000000c3a00000| Untracked 
|  14|0x00000000c3a00000, 0x00000000c3b00000, 0x00000000c3b00000|100%| O|  |TAMS 0x00000000c3b00000, 0x00000000c3b00000| Untracked 
|  15|0x00000000c3b00000, 0x00000000c3c00000, 0x00000000c3c00000|100%| O|  |TAMS 0x00000000c3c00000, 0x00000000c3c00000| Untracked 
|  16|0x00000000c3c00000, 0x00000000c3d00000, 0x00000000c3d00000|100%| O|  |TAMS 0x00000000c3d00000, 0x00000000c3d00000| Untracked 
|  17|0x00000000c3d00000, 0x00000000c3e00000, 0x00000000c3e00000|100%| O|  |TAMS 0x00000000c3e00000, 0x00000000c3e00000| Untracked 
|  18|0x00000000c3e00000, 0x00000000c3f00000, 0x00000000c3f00000|100%| O|  |TAMS 0x00000000c3f00000, 0x00000000c3f00000| Untracked 
|  19|0x00000000c3f00000, 0x00000000c4000000, 0x00000000c4000000|100%| O|  |TAMS 0x00000000c4000000, 0x00000000c4000000| Untracked 
|  20|0x00000000c4000000, 0x00000000c4100000, 0x00000000c4100000|100%| O|  |TAMS 0x00000000c4100000, 0x00000000c4100000| Untracked 
|  21|0x00000000c4100000, 0x00000000c4200000, 0x00000000c4200000|100%| O|  |TAMS 0x00000000c4200000, 0x00000000c4200000| Untracked 
|  22|0x00000000c4200000, 0x00000000c4300000, 0x00000000c4300000|100%| O|  |TAMS 0x00000000c4300000, 0x00000000c4300000| Untracked 
|  23|0x00000000c4300000, 0x00000000c4400000, 0x00000000c4400000|100%| O|  |TAMS 0x00000000c4400000, 0x00000000c4400000| Untracked 
|  24|0x00000000c4400000, 0x00000000c4500000, 0x00000000c4500000|100%| O|  |TAMS 0x00000000c4500000, 0x00000000c4500000| Untracked 
|  25|0x00000000c4500000, 0x00000000c4600000, 0x00000000c4600000|100%| O|  |TAMS 0x00000000c4600000, 0x00000000c4600000| Untracked 
|  26|0x00000000c4600000, 0x00000000c4700000, 0x00000000c4700000|100%| O|  |TAMS 0x00000000c4700000, 0x00000000c4700000| Untracked 
|  27|0x00000000c4700000, 0x00000000c4800000, 0x00000000c4800000|100%| O|  |TAMS 0x00000000c4800000, 0x00000000c4800000| Untracked 
|  28|0x00000000c4800000, 0x00000000c4900000, 0x00000000c4900000|100%| O|  |TAMS 0x00000000c4900000, 0x00000000c4900000| Untracked 
|  29|0x00000000c4900000, 0x00000000c4a00000, 0x00000000c4a00000|100%| O|  |TAMS 0x00000000c4a00000, 0x00000000c4a00000| Untracked 
|  30|0x00000000c4a00000, 0x00000000c4b00000, 0x00000000c4b00000|100%| O|  |TAMS 0x00000000c4b00000, 0x00000000c4b00000| Untracked 
|  31|0x00000000c4b00000, 0x00000000c4c00000, 0x00000000c4c00000|100%| O|  |TAMS 0x00000000c4c00000, 0x00000000c4c00000| Untracked 
|  32|0x00000000c4c00000, 0x00000000c4d00000, 0x00000000c4d00000|100%| O|  |TAMS 0x00000000c4d00000, 0x00000000c4d00000| Untracked 
|  33|0x00000000c4d00000, 0x00000000c4e00000, 0x00000000c4e00000|100%| O|  |TAMS 0x00000000c4e00000, 0x00000000c4e00000| Untracked 
|  34|0x00000000c4e00000, 0x00000000c4f00000, 0x00000000c4f00000|100%| O|  |TAMS 0x00000000c4f00000, 0x00000000c4f00000| Untracked 
|  35|0x00000000c4f00000, 0x00000000c5000000, 0x00000000c5000000|100%| O|  |TAMS 0x00000000c5000000, 0x00000000c5000000| Untracked 
|  36|0x00000000c5000000, 0x00000000c5100000, 0x00000000c5100000|100%| O|  |TAMS 0x00000000c5100000, 0x00000000c5100000| Untracked 
|  37|0x00000000c5100000, 0x00000000c5200000, 0x00000000c5200000|100%| O|  |TAMS 0x00000000c5200000, 0x00000000c5200000| Untracked 
|  38|0x00000000c5200000, 0x00000000c5300000, 0x00000000c5300000|100%| O|  |TAMS 0x00000000c5300000, 0x00000000c5300000| Untracked 
|  39|0x00000000c5300000, 0x00000000c5400000, 0x00000000c5400000|100%| O|  |TAMS 0x00000000c5400000, 0x00000000c5400000| Untracked 
|  40|0x00000000c5400000, 0x00000000c5500000, 0x00000000c5500000|100%| O|  |TAMS 0x00000000c5500000, 0x00000000c5500000| Untracked 
|  41|0x00000000c5500000, 0x00000000c5600000, 0x00000000c5600000|100%| O|  |TAMS 0x00000000c5600000, 0x00000000c5600000| Untracked 
|  42|0x00000000c5600000, 0x00000000c5700000, 0x00000000c5700000|100%| O|  |TAMS 0x00000000c5700000, 0x00000000c5700000| Untracked 
|  43|0x00000000c5700000, 0x00000000c5800000, 0x00000000c5800000|100%| O|  |TAMS 0x00000000c5800000, 0x00000000c5800000| Untracked 
|  44|0x00000000c5800000, 0x00000000c5900000, 0x00000000c5900000|100%| O|  |TAMS 0x00000000c5900000, 0x00000000c5900000| Untracked 
|  45|0x00000000c5900000, 0x00000000c5a00000, 0x00000000c5a00000|100%| O|  |TAMS 0x00000000c59ddc00, 0x00000000c5a00000| Untracked 
|  46|0x00000000c5a00000, 0x00000000c5b00000, 0x00000000c5b00000|100%| O|  |TAMS 0x00000000c5a00000, 0x00000000c5b00000| Untracked 
|  47|0x00000000c5b00000, 0x00000000c5c00000, 0x00000000c5c00000|100%| O|  |TAMS 0x00000000c5b00000, 0x00000000c5c00000| Untracked 
|  48|0x00000000c5c00000, 0x00000000c5d00000, 0x00000000c5d00000|100%| O|  |TAMS 0x00000000c5c00000, 0x00000000c5d00000| Untracked 
|  49|0x00000000c5d00000, 0x00000000c5e00000, 0x00000000c5e00000|100%| O|  |TAMS 0x00000000c5d00000, 0x00000000c5e00000| Untracked 
|  50|0x00000000c5e00000, 0x00000000c5f00000, 0x00000000c5f00000|100%| O|  |TAMS 0x00000000c5e00000, 0x00000000c5f00000| Untracked 
|  51|0x00000000c5f00000, 0x00000000c6000000, 0x00000000c6000000|100%| O|  |TAMS 0x00000000c5f00000, 0x00000000c6000000| Untracked 
|  52|0x00000000c6000000, 0x00000000c6100000, 0x00000000c6100000|100%| O|  |TAMS 0x00000000c6000000, 0x00000000c6100000| Untracked 
|  53|0x00000000c6100000, 0x00000000c6200000, 0x00000000c6200000|100%| O|  |TAMS 0x00000000c6100000, 0x00000000c6200000| Untracked 
|  54|0x00000000c6200000, 0x00000000c6300000, 0x00000000c6300000|100%| O|  |TAMS 0x00000000c6200000, 0x00000000c6300000| Untracked 
|  55|0x00000000c6300000, 0x00000000c6400000, 0x00000000c6400000|100%| O|  |TAMS 0x00000000c6300000, 0x00000000c6400000| Untracked 
|  56|0x00000000c6400000, 0x00000000c6500000, 0x00000000c6500000|100%| O|  |TAMS 0x00000000c6400000, 0x00000000c6500000| Untracked 
|  57|0x00000000c6500000, 0x00000000c6600000, 0x00000000c6600000|100%| O|  |TAMS 0x00000000c6500000, 0x00000000c6600000| Untracked 
|  58|0x00000000c6600000, 0x00000000c6700000, 0x00000000c6700000|100%| O|  |TAMS 0x00000000c6600000, 0x00000000c6700000| Untracked 
|  59|0x00000000c6700000, 0x00000000c6800000, 0x00000000c6800000|100%| O|  |TAMS 0x00000000c6700000, 0x00000000c6800000| Untracked 
|  60|0x00000000c6800000, 0x00000000c6900000, 0x00000000c6900000|100%| O|  |TAMS 0x00000000c6800000, 0x00000000c6900000| Untracked 
|  61|0x00000000c6900000, 0x00000000c6a00000, 0x00000000c6a00000|100%| O|  |TAMS 0x00000000c6900000, 0x00000000c6a00000| Untracked 
|  62|0x00000000c6a00000, 0x00000000c6b00000, 0x00000000c6b00000|100%| O|  |TAMS 0x00000000c6a00000, 0x00000000c6b00000| Untracked 
|  63|0x00000000c6b00000, 0x00000000c6c00000, 0x00000000c6c00000|100%| O|  |TAMS 0x00000000c6b00000, 0x00000000c6c00000| Untracked 
|  64|0x00000000c6c00000, 0x00000000c6d00000, 0x00000000c6d00000|100%| O|  |TAMS 0x00000000c6c00000, 0x00000000c6d00000| Untracked 
|  65|0x00000000c6d00000, 0x00000000c6e00000, 0x00000000c6e00000|100%| O|  |TAMS 0x00000000c6d00000, 0x00000000c6e00000| Untracked 
|  66|0x00000000c6e00000, 0x00000000c6f00000, 0x00000000c6f00000|100%| O|  |TAMS 0x00000000c6e00000, 0x00000000c6f00000| Untracked 
|  67|0x00000000c6f00000, 0x00000000c7000000, 0x00000000c7000000|100%| O|  |TAMS 0x00000000c6f00000, 0x00000000c7000000| Untracked 
|  68|0x00000000c7000000, 0x00000000c7100000, 0x00000000c7100000|100%| O|  |TAMS 0x00000000c7000000, 0x00000000c7100000| Untracked 
|  69|0x00000000c7100000, 0x00000000c7200000, 0x00000000c7200000|100%| O|  |TAMS 0x00000000c7100000, 0x00000000c7200000| Untracked 
|  70|0x00000000c7200000, 0x00000000c7300000, 0x00000000c7300000|100%| O|  |TAMS 0x00000000c7200000, 0x00000000c7300000| Untracked 
|  71|0x00000000c7300000, 0x00000000c7400000, 0x00000000c7400000|100%| O|  |TAMS 0x00000000c7300000, 0x00000000c7400000| Untracked 
|  72|0x00000000c7400000, 0x00000000c7500000, 0x00000000c7500000|100%| O|  |TAMS 0x00000000c7400000, 0x00000000c7500000| Untracked 
|  73|0x00000000c7500000, 0x00000000c7600000, 0x00000000c7600000|100%| O|  |TAMS 0x00000000c7500000, 0x00000000c7600000| Untracked 
|  74|0x00000000c7600000, 0x00000000c7700000, 0x00000000c7700000|100%| O|  |TAMS 0x00000000c7600000, 0x00000000c7700000| Untracked 
|  75|0x00000000c7700000, 0x00000000c7800000, 0x00000000c7800000|100%| O|  |TAMS 0x00000000c7700000, 0x00000000c7800000| Untracked 
|  76|0x00000000c7800000, 0x00000000c7900000, 0x00000000c7900000|100%| O|  |TAMS 0x00000000c7800000, 0x00000000c7900000| Untracked 
|  77|0x00000000c7900000, 0x00000000c7a00000, 0x00000000c7a00000|100%| O|  |TAMS 0x00000000c7900000, 0x00000000c7a00000| Untracked 
|  78|0x00000000c7a00000, 0x00000000c7b00000, 0x00000000c7b00000|100%| O|  |TAMS 0x00000000c7a00000, 0x00000000c7b00000| Untracked 
|  79|0x00000000c7b00000, 0x00000000c7c00000, 0x00000000c7c00000|100%| O|  |TAMS 0x00000000c7b00000, 0x00000000c7c00000| Untracked 
|  80|0x00000000c7c00000, 0x00000000c7d00000, 0x00000000c7d00000|100%| O|  |TAMS 0x00000000c7c00000, 0x00000000c7d00000| Untracked 
|  81|0x00000000c7d00000, 0x00000000c7d80000, 0x00000000c7e00000| 50%| O|  |TAMS 0x00000000c7d00000, 0x00000000c7d80000| Untracked 
|  82|0x00000000c7e00000, 0x00000000c7e00000, 0x00000000c7f00000|  0%| F|  |TAMS 0x00000000c7e00000, 0x00000000c7e00000| Untracked 
|  83|0x00000000c7f00000, 0x00000000c7f00000, 0x00000000c8000000|  0%| F|  |TAMS 0x00000000c7f00000, 0x00000000c7f00000| Untracked 
|  84|0x00000000c8000000, 0x00000000c8000000, 0x00000000c8100000|  0%| F|  |TAMS 0x00000000c8000000, 0x00000000c8000000| Untracked 
|  85|0x00000000c8100000, 0x00000000c8100000, 0x00000000c8200000|  0%| F|  |TAMS 0x00000000c8100000, 0x00000000c8100000| Untracked 
|  86|0x00000000c8200000, 0x00000000c8200000, 0x00000000c8300000|  0%| F|  |TAMS 0x00000000c8200000, 0x00000000c8200000| Untracked 
|  87|0x00000000c8300000, 0x00000000c8300000, 0x00000000c8400000|  0%| F|  |TAMS 0x00000000c8300000, 0x00000000c8300000| Untracked 
|  88|0x00000000c8400000, 0x00000000c8400000, 0x00000000c8500000|  0%| F|  |TAMS 0x00000000c8400000, 0x00000000c8400000| Untracked 
|  89|0x00000000c8500000, 0x00000000c8500000, 0x00000000c8600000|  0%| F|  |TAMS 0x00000000c8500000, 0x00000000c8500000| Untracked 
|  90|0x00000000c8600000, 0x00000000c8600000, 0x00000000c8700000|  0%| F|  |TAMS 0x00000000c8600000, 0x00000000c8600000| Untracked 
|  91|0x00000000c8700000, 0x00000000c8700000, 0x00000000c8800000|  0%| F|  |TAMS 0x00000000c8700000, 0x00000000c8700000| Untracked 
|  92|0x00000000c8800000, 0x00000000c8800000, 0x00000000c8900000|  0%| F|  |TAMS 0x00000000c8800000, 0x00000000c8800000| Untracked 
|  93|0x00000000c8900000, 0x00000000c8900000, 0x00000000c8a00000|  0%| F|  |TAMS 0x00000000c8900000, 0x00000000c8900000| Untracked 
|  94|0x00000000c8a00000, 0x00000000c8a00000, 0x00000000c8b00000|  0%| F|  |TAMS 0x00000000c8a00000, 0x00000000c8a00000| Untracked 
|  95|0x00000000c8b00000, 0x00000000c8b00000, 0x00000000c8c00000|  0%| F|  |TAMS 0x00000000c8b00000, 0x00000000c8b00000| Untracked 
|  96|0x00000000c8c00000, 0x00000000c8c00000, 0x00000000c8d00000|  0%| F|  |TAMS 0x00000000c8c00000, 0x00000000c8c00000| Untracked 
|  97|0x00000000c8d00000, 0x00000000c8d00000, 0x00000000c8e00000|  0%| F|  |TAMS 0x00000000c8d00000, 0x00000000c8d00000| Untracked 
|  98|0x00000000c8e00000, 0x00000000c8e00000, 0x00000000c8f00000|  0%| F|  |TAMS 0x00000000c8e00000, 0x00000000c8e00000| Untracked 
|  99|0x00000000c8f00000, 0x00000000c8f00000, 0x00000000c9000000|  0%| F|  |TAMS 0x00000000c8f00000, 0x00000000c8f00000| Untracked 
| 100|0x00000000c9000000, 0x00000000c9100000, 0x00000000c9100000|100%| S|CS|TAMS 0x00000000c9000000, 0x00000000c9000000| Complete 
| 101|0x00000000c9100000, 0x00000000c9200000, 0x00000000c9200000|100%| S|CS|TAMS 0x00000000c9100000, 0x00000000c9100000| Complete 
| 102|0x00000000c9200000, 0x00000000c9200000, 0x00000000c9300000|  0%| F|  |TAMS 0x00000000c9200000, 0x00000000c9200000| Untracked 
| 103|0x00000000c9300000, 0x00000000c9300000, 0x00000000c9400000|  0%| F|  |TAMS 0x00000000c9300000, 0x00000000c9300000| Untracked 
| 104|0x00000000c9400000, 0x00000000c9400000, 0x00000000c9500000|  0%| F|  |TAMS 0x00000000c9400000, 0x00000000c9400000| Untracked 
| 105|0x00000000c9500000, 0x00000000c9500000, 0x00000000c9600000|  0%| F|  |TAMS 0x00000000c9500000, 0x00000000c9500000| Untracked 
| 106|0x00000000c9600000, 0x00000000c9600000, 0x00000000c9700000|  0%| F|  |TAMS 0x00000000c9600000, 0x00000000c9600000| Untracked 
| 107|0x00000000c9700000, 0x00000000c9700000, 0x00000000c9800000|  0%| F|  |TAMS 0x00000000c9700000, 0x00000000c9700000| Untracked 
| 108|0x00000000c9800000, 0x00000000c9800000, 0x00000000c9900000|  0%| F|  |TAMS 0x00000000c9800000, 0x00000000c9800000| Untracked 

Card table byte_map: [0x0000021539c70000,0x0000021539e60000] _byte_map_base: 0x000002153965a000

Marking Bits (Prev, Next): (CMBitMap*) 0x0000021520803448, (CMBitMap*) 0x0000021520803480
 Prev Bits: [0x000002153a050000, 0x000002153afa0000)
 Next Bits: [0x000002153afa0000, 0x000002153bef0000)

Polling page: 0x0000021520610000

Metaspace:

Usage:
  Non-class:      5.56 MB capacity,     5.52 MB (>99%) used,    33.32 KB ( <1%) free+waste,     3.63 KB ( <1%) overhead. 
      Class:    540.00 KB capacity,   523.79 KB ( 97%) used,    14.59 KB (  3%) free+waste,     1.63 KB ( <1%) overhead. 
       Both:      6.09 MB capacity,     6.03 MB (>99%) used,    47.91 KB ( <1%) free+waste,     5.25 KB ( <1%) overhead. 

Virtual space:
  Non-class space:        8.00 MB reserved,       5.75 MB ( 72%) committed 
      Class space:        1.00 GB reserved,     640.00 KB ( <1%) committed 
             Both:        1.01 GB reserved,       6.38 MB ( <1%) committed 

Chunk freelists:
   Non-Class:  512 bytes
       Class:  512 bytes
        Both:  1.00 KB

CodeHeap 'non-profiled nmethods': size=120064Kb used=176Kb max_used=176Kb free=119887Kb
 bounds [0x0000021532140000, 0x00000215323b0000, 0x0000021539680000]
CodeHeap 'profiled nmethods': size=120000Kb used=499Kb max_used=499Kb free=119500Kb
 bounds [0x000002152ac10000, 0x000002152ae80000, 0x0000021532140000]
CodeHeap 'non-nmethods': size=5696Kb used=1028Kb max_used=1049Kb free=4667Kb
 bounds [0x000002152a680000, 0x000002152a8f0000, 0x000002152ac10000]
 total_blobs=725 nmethods=301 adapters=219
 compilation: enabled
              stopped_count=0, restarted_count=0
 full_count=0

Compilation events (10 events):
Event: 9.393 Thread 0x000002153eae6000  299       4       java.nio.Buffer::position (55 bytes)
Event: 9.394 Thread 0x000002153eae6000 nmethod 299 0x0000021532168a90 code [0x0000021532168c20, 0x0000021532168cf8]
Event: 9.484 Thread 0x000002153eae6000  300 %     4       java.util.HashMap::resize @ 151 (356 bytes)
Event: 9.504 Thread 0x000002153eae6000 nmethod 300% 0x0000021532168e10 code [0x0000021532168fc0, 0x00000215321699d8]
Event: 9.504 Thread 0x000002153eae6000  301       4       java.util.HashMap::resize (356 bytes)
Event: 9.526 Thread 0x000002153eae6000 nmethod 301 0x0000021532169c90 code [0x0000021532169e60, 0x000002153216a9b8]
Event: 9.526 Thread 0x000002153eae6000  302 %     4       java.util.HashMap::resize @ 235 (356 bytes)
Event: 9.552 Thread 0x000002153eae6000 nmethod 302% 0x000002153216ac10 code [0x000002153216ade0, 0x000002153216baf8]
Event: 9.584 Thread 0x000002153eae6000  303       4       java.nio.ByteBuffer::position (8 bytes)
Event: 9.586 Thread 0x000002153eae6000 nmethod 303 0x000002153216bf10 code [0x000002153216c0a0, 0x000002153216c178]

GC Heap History (10 events):
Event: 9.416 GC heap after
{Heap after GC invocations=12 (full 0):
 garbage-first heap   total 76800K, used 57175K [0x00000000c2c00000, 0x0000000100000000)
  region size 1024K, 1 young (1024K), 1 survivors (1024K)
 Metaspace       used 6178K, capacity 6232K, committed 6528K, reserved 1056768K
  class space    used 523K, capacity 540K, committed 640K, reserved 1048576K
}
Event: 9.428 GC heap before
{Heap before GC invocations=12 (full 0):
 garbage-first heap   total 76800K, used 61271K [0x00000000c2c00000, 0x0000000100000000)
  region size 1024K, 5 young (5120K), 1 survivors (1024K)
 Metaspace       used 6178K, capacity 6232K, committed 6528K, reserved 1056768K
  class space    used 523K, capacity 540K, committed 640K, reserved 1048576K
}
Event: 9.438 GC heap after
{Heap after GC invocations=13 (full 0):
 garbage-first heap   total 111616K, used 59837K [0x00000000c2c00000, 0x0000000100000000)
  region size 1024K, 1 young (1024K), 1 survivors (1024K)
 Metaspace       used 6178K, capacity 6232K, committed 6528K, reserved 1056768K
  class space    used 523K, capacity 540K, committed 640K, reserved 1048576K
}
Event: 9.557 GC heap before
{Heap before GC invocations=13 (full 0):
 garbage-first heap   total 111616K, used 73149K [0x00000000c2c00000, 0x0000000100000000)
  region size 1024K, 14 young (14336K), 1 survivors (1024K)
 Metaspace       used 6178K, capacity 6232K, committed 6528K, reserved 1056768K
  class space    used 523K, capacity 540K, committed 640K, reserved 1048576K
}
Event: 9.581 GC heap after
{Heap after GC invocations=14 (full 0):
 garbage-first heap   total 111616K, used 67869K [0x00000000c2c00000, 0x0000000100000000)
  region size 1024K, 2 young (2048K), 2 survivors (2048K)
 Metaspace       used 6178K, capacity 6232K, committed 6528K, reserved 1056768K
  class space    used 523K, capacity 540K, committed 640K, reserved 1048576K
}
Event: 9.602 GC heap before
{Heap before GC invocations=14 (full 0):
 garbage-first heap   total 111616K, used 79133K [0x00000000c2c00000, 0x0000000100000000)
  region size 1024K, 13 young (13312K), 2 survivors (2048K)
 Metaspace       used 6178K, capacity 6232K, committed 6528K, reserved 1056768K
  class space    used 523K, capacity 540K, committed 640K, reserved 1048576K
}
Event: 9.620 GC heap after
{Heap after GC invocations=15 (full 0):
 garbage-first heap   total 111616K, used 74752K [0x00000000c2c00000, 0x0000000100000000)
  region size 1024K, 2 young (2048K), 2 survivors (2048K)
 Metaspace       used 6178K, capacity 6232K, committed 6528K, reserved 1056768K
  class space    used 523K, capacity 540K, committed 640K, reserved 1048576K
}
Event: 9.640 GC heap before
{Heap before GC invocations=16 (full 0):
 garbage-first heap   total 111616K, used 84992K [0x00000000c2c00000, 0x0000000100000000)
  region size 1024K, 12 young (12288K), 2 survivors (2048K)
 Metaspace       used 6178K, capacity 6232K, committed 6528K, reserved 1056768K
  class space    used 523K, capacity 540K, committed 640K, reserved 1048576K
}
Event: 9.660 GC heap after
{Heap after GC invocations=17 (full 0):
 garbage-first heap   total 111616K, used 80896K [0x00000000c2c00000, 0x0000000100000000)
  region size 1024K, 2 young (2048K), 2 survivors (2048K)
 Metaspace       used 6178K, capacity 6232K, committed 6528K, reserved 1056768K
  class space    used 523K, capacity 540K, committed 640K, reserved 1048576K
}
Event: 9.671 GC heap before
{Heap before GC invocations=17 (full 0):
 garbage-first heap   total 111616K, used 88064K [0x00000000c2c00000, 0x0000000100000000)
  region size 1024K, 9 young (9216K), 2 survivors (2048K)
 Metaspace       used 6178K, capacity 6232K, committed 6528K, reserved 1056768K
  class space    used 523K, capacity 540K, committed 640K, reserved 1048576K
}

Deoptimization events (5 events):
Event: 0.214 Thread 0x00000215207d7000 Uncommon trap: reason=unstable_if action=reinterpret pc=0x00000215321447fc method=java.lang.String.hashCode()I @ 14 c2
Event: 8.900 Thread 0x00000215207d7000 Uncommon trap: reason=unstable_if action=reinterpret pc=0x0000021532153558 method=java.io.BufferedReader.readLine(Z)Ljava/lang/String; @ 265 c2
Event: 8.964 Thread 0x00000215207d7000 Uncommon trap: reason=intrinsic_or_type_checked_inlining action=make_not_entrant pc=0x000002153215b1f8 method=java.util.ArrayList$SubList.toArray([Ljava/lang/Object;)[Ljava/lang/Object; @ 58 c2
Event: 8.964 Thread 0x00000215207d7000 Uncommon trap: reason=intrinsic_or_type_checked_inlining action=make_not_entrant pc=0x00000215321577b8 method=java.util.ArrayList$SubList.toArray([Ljava/lang/Object;)[Ljava/lang/Object; @ 58 c2
Event: 8.983 Thread 0x00000215207d7000 Uncommon trap: reason=range_check action=reinterpret pc=0x000002153214e844 method=java.lang.StringLatin1.indexOf([BII)I @ 13 c2

Classes redefined (0 events):
No events

Internal exceptions (1 events):
Event: 0.295 Thread 0x00000215207d7000 Exception <a 'java/lang/NoSuchMethodError'{0x00000000c69f7f10}: java.lang.invoke.DirectMethodHandle$Holder.invokeSpecialIFC(Ljava/lang/Object;Ljava/lang/Object;I)I> (0x00000000c69f7f10) thrown at [t:/workspace/open/src/hotspot/share/interpreter/linkResolv

Events (10 events):
Event: 9.517 Executing VM operation: CGC_Operation done
Event: 9.557 Executing VM operation: G1CollectForAllocation
Event: 9.581 Executing VM operation: G1CollectForAllocation done
Event: 9.601 Executing VM operation: G1CollectForAllocation
Event: 9.620 Executing VM operation: G1CollectForAllocation done
Event: 9.623 Executing VM operation: CGC_Operation
Event: 9.624 Executing VM operation: CGC_Operation done
Event: 9.640 Executing VM operation: G1CollectForAllocation
Event: 9.660 Executing VM operation: G1CollectForAllocation done
Event: 9.671 Executing VM operation: G1CollectForAllocation


Dynamic libraries:
0x00007ff627c40000 - 0x00007ff627c87000 	C:\Program Files\Java\jdk-11.0.4\bin\javaw.exe
0x00007ffd902e0000 - 0x00007ffd904d0000 	C:\Windows\SYSTEM32\ntdll.dll
0x00007ffd8f4b0000 - 0x00007ffd8f562000 	C:\Windows\System32\KERNEL32.DLL
0x00007ffd8d270000 - 0x00007ffd8d513000 	C:\Windows\System32\KERNELBASE.dll
0x00007ffd8fb00000 - 0x00007ffd8fba3000 	C:\Windows\System32\ADVAPI32.dll
0x00007ffd8e3a0000 - 0x00007ffd8e43e000 	C:\Windows\System32\msvcrt.dll
0x00007ffd8fa60000 - 0x00007ffd8faf7000 	C:\Windows\System32\sechost.dll
0x00007ffd8f8c0000 - 0x00007ffd8f9e0000 	C:\Windows\System32\RPCRT4.dll
0x00007ffd8e440000 - 0x00007ffd8e5d4000 	C:\Windows\System32\USER32.dll
0x00007ffd8e1c0000 - 0x00007ffd8e1e1000 	C:\Windows\System32\win32u.dll
0x00007ffd8e640000 - 0x00007ffd8e666000 	C:\Windows\System32\GDI32.dll
0x00007ffd8e1f0000 - 0x00007ffd8e384000 	C:\Windows\System32\gdi32full.dll
0x00007ffd8d940000 - 0x00007ffd8d9de000 	C:\Windows\System32\msvcp_win.dll
0x00007ffd8d720000 - 0x00007ffd8d81a000 	C:\Windows\System32\ucrtbase.dll
0x00007ffd79d20000 - 0x00007ffd79fa5000 	C:\Windows\WinSxS\amd64_microsoft.windows.common-controls_6595b64144ccf1df_6.0.18362.720_none_e6beb5c51314836b\COMCTL32.dll
0x00007ffd8f160000 - 0x00007ffd8f496000 	C:\Windows\System32\combase.dll
0x00007ffd8d8c0000 - 0x00007ffd8d940000 	C:\Windows\System32\bcryptPrimitives.dll
0x00007ffd81ab0000 - 0x00007ffd81aba000 	C:\Windows\SYSTEM32\VERSION.dll
0x00007ffd8e9d0000 - 0x00007ffd8e9fe000 	C:\Windows\System32\IMM32.DLL
0x00007ffd7bae0000 - 0x00007ffd7bb10000 	C:\PROGRA~1\BULLGU~1\BULLGU~1\BgAgent.dll
0x00007ffd81860000 - 0x00007ffd81876000 	C:\Program Files\Java\jdk-11.0.4\bin\vcruntime140.dll
0x00007ffd79bb0000 - 0x00007ffd79c5a000 	C:\Program Files\Java\jdk-11.0.4\bin\msvcp140.dll
0x00007ffd52b00000 - 0x00007ffd53627000 	C:\Program Files\Java\jdk-11.0.4\bin\server\jvm.dll
0x00007ffd8f570000 - 0x00007ffd8f578000 	C:\Windows\System32\PSAPI.DLL
0x00007ffd872b0000 - 0x00007ffd872b9000 	C:\Windows\SYSTEM32\WSOCK32.dll
0x00007ffd8ef40000 - 0x00007ffd8efaf000 	C:\Windows\System32\WS2_32.dll
0x00007ffd8af00000 - 0x00007ffd8af24000 	C:\Windows\SYSTEM32\WINMM.dll
0x00007ffd8aed0000 - 0x00007ffd8aefd000 	C:\Windows\SYSTEM32\WINMMBASE.dll
0x00007ffd8d820000 - 0x00007ffd8d86a000 	C:\Windows\System32\cfgmgr32.dll
0x00007ffd8d1b0000 - 0x00007ffd8d1c1000 	C:\Windows\System32\kernel.appcore.dll
0x00007ffd81820000 - 0x00007ffd81831000 	C:\Program Files\Java\jdk-11.0.4\bin\verify.dll
0x00007ffd8bb70000 - 0x00007ffd8bd64000 	C:\Windows\SYSTEM32\DBGHELP.DLL
0x00007ffd77aa0000 - 0x00007ffd77aca000 	C:\Windows\SYSTEM32\dbgcore.DLL
0x00007ffd6e100000 - 0x00007ffd6e129000 	C:\Program Files\Java\jdk-11.0.4\bin\java.dll
0x00007ffd80770000 - 0x00007ffd80786000 	C:\Program Files\Java\jdk-11.0.4\bin\zip.dll
0x00007ffd81710000 - 0x00007ffd8171a000 	C:\Program Files\Java\jdk-11.0.4\bin\jimage.dll
0x00007ffd8fbb0000 - 0x00007ffd90295000 	C:\Windows\System32\SHELL32.dll
0x00007ffd8f5a0000 - 0x00007ffd8f649000 	C:\Windows\System32\shcore.dll
0x00007ffd8d9e0000 - 0x00007ffd8e160000 	C:\Windows\System32\windows.storage.dll
0x00007ffd8d1d0000 - 0x00007ffd8d1f3000 	C:\Windows\System32\profapi.dll
0x00007ffd8d200000 - 0x00007ffd8d24a000 	C:\Windows\System32\powrprof.dll
0x00007ffd8d1a0000 - 0x00007ffd8d1b0000 	C:\Windows\System32\UMPDC.dll
0x00007ffd8e5e0000 - 0x00007ffd8e632000 	C:\Windows\System32\shlwapi.dll
0x00007ffd8d870000 - 0x00007ffd8d887000 	C:\Windows\System32\cryptsp.dll

dbghelp: loaded successfully - version: 4.0.5 - missing functions: none
symbol engine: initialized successfully - sym options: 0x614 - pdb path: .;C:\Program Files\Java\jdk-11.0.4\bin;C:\Windows\SYSTEM32;C:\Windows\WinSxS\amd64_microsoft.windows.common-controls_6595b64144ccf1df_6.0.18362.720_none_e6beb5c51314836b;C:\PROGRA~1\BULLGU~1\BULLGU~1;C:\Program Files\Java\jdk-11.0.4\bin\server

VM Arguments:
jvm_args: -Dfile.encoding=Cp1252 
java_command: ie.gmit.sw.Runner
java_class_path (initial): C:\Users\Welshie\eclipse-workspace\Data Structures Project\bin
Launcher Type: SUN_STANDARD

[Global flags]
     intx CICompilerCount                          = 2                                         {product} {ergonomic}
     uint ConcGCThreads                            = 1                                         {product} {ergonomic}
     uint G1ConcRefinementThreads                  = 2                                         {product} {ergonomic}
   size_t G1HeapRegionSize                         = 1048576                                   {product} {ergonomic}
    uintx GCDrainStackTargetSize                   = 64                                        {product} {ergonomic}
   size_t InitialHeapSize                          = 65011712                                  {product} {ergonomic}
   size_t MarkStackSize                            = 4194304                                   {product} {ergonomic}
   size_t MaxHeapSize                              = 1027604480                                {product} {ergonomic}
   size_t MaxNewSize                               = 616562688                                 {product} {ergonomic}
   size_t MinHeapDeltaBytes                        = 1048576                                   {product} {ergonomic}
    uintx NonNMethodCodeHeapSize                   = 5824844                                {pd product} {ergonomic}
    uintx NonProfiledCodeHeapSize                  = 122916698                              {pd product} {ergonomic}
    uintx ProfiledCodeHeapSize                     = 122916698                              {pd product} {ergonomic}
    uintx ReservedCodeCacheSize                    = 251658240                              {pd product} {ergonomic}
     bool SegmentedCodeCache                       = true                                      {product} {ergonomic}
     bool UseCompressedClassPointers               = true                                 {lp64_product} {ergonomic}
     bool UseCompressedOops                        = true                                 {lp64_product} {ergonomic}
     bool UseG1GC                                  = true                                      {product} {ergonomic}
     bool UseLargePagesIndividualAllocation        = false                                  {pd product} {ergonomic}

Logging:
Log output configuration:
 #0: stdout all=warning uptime,level,tags
 #1: stderr all=off uptime,level,tags

Environment Variables:
PATH=C:/Program Files/Java/jdk-11.0.4/bin/server;C:/Program Files/Java/jdk-11.0.4/bin;C:\Python27\;C:\Python27\Scripts;C:\Windows\system32;C:\Windows;C:\Windows\System32\Wbem;C:\Windows\System32\WindowsPowerShell\v1.0\;C:\Windows\System32\OpenSSH\;C:\Program Files\dotnet\;C:\Program Files\Microsoft SQL Server\130\Tools\Binn\;C:\Program Files\nodejs\;C:\ProgramData\chocolatey\bin;C:\Program Files\Git\cmd;C:\Users\Welshie\AppData\Local\Microsoft\WindowsApps;;C:\Users\Welshie\AppData\Local\Programs\Microsoft VS Code\bin;C:\Users\Welshie\AppData\Roaming\npm;C:\Windows\system32;
USERNAME=Welshie
OS=Windows_NT
PROCESSOR_IDENTIFIER=Intel64 Family 6 Model 122 Stepping 1, GenuineIntel



---------------  S Y S T E M  ---------------

OS: Windows 10 , 64 bit Build 18362 (10.0.18362.329)

CPU:total 2 (initial active 2) (2 cores per cpu, 1 threads per core) family 6 model 122 stepping 1, cmov, cx8, fxsr, mmx, sse, sse2, sse3, ssse3, sse4.1, sse4.2, popcnt, aes, clmul, erms, 3dnowpref, tsc, tscinvbit, sha

Memory: 4k page, system-wide physical 3918M (537M free)
TotalPageFile size 6268M (AvailPageFile size 92M)
current process WorkingSet (physical memory assigned to process): 129M, peak: 129M
current process commit charge ("private bytes"): 177M, peak: 365M

vm_info: Java HotSpot(TM) 64-Bit Server VM (11.0.4+10-LTS) for windows-amd64 JRE (11.0.4+10-LTS), built on Jul  4 2019 16:28:13 by "mach5one" with MS VC++ 15.5 (VS2017)

END.
