#
# There is insufficient memory for the Java Runtime Environment to continue.
# Native memory allocation (mmap) failed to map 264241152 bytes for Failed to commit area from 0x00000000caa00000 to 0x00000000da600000 of length 264241152.
# Possible reasons:
#   The system is out of physical RAM or swap space
#   The process is running with CompressedOops enabled, and the Java Heap may be blocking the growth of the native heap
# Possible solutions:
#   Reduce memory load on the system
#   Increase physical memory or swap space
#   Check if swap backing store is full
#   Decrease Java heap size (-Xmx/-Xms)
#   Decrease number of Java threads
#   Decrease Java thread stack sizes (-Xss)
#   Set larger code cache with -XX:ReservedCodeCacheSize=
#   JVM is running with Unscaled Compressed Oops mode in which the Java heap is
#     placed in the first 4GB address space. The Java Heap base address is the
#     maximum limit for the native heap growth. Please use -XX:HeapBaseMinAddress
#     to set the Java Heap base and to place the Java Heap above 4GB virtual address.
# This output file may be truncated or incomplete.
#
#  Out of Memory Error (t:/workspace/open/src/hotspot/os/windows/os_windows.cpp:3275), pid=10992, tid=6856
#
# JRE version: Java(TM) SE Runtime Environment (11.0.4+10) (build 11.0.4+10-LTS)
# Java VM: Java HotSpot(TM) 64-Bit Server VM (11.0.4+10-LTS, mixed mode, tiered, compressed oops, g1 gc, windows-amd64)
# No core dump will be written. Minidumps are not enabled by default on client versions of Windows
#

---------------  S U M M A R Y ------------

Command Line: -Dfile.encoding=Cp1252 ie.gmit.sw.Runner

Host: Intel(R) Celeron(R) N4000 CPU @ 1.10GHz, 2 cores, 3G,  Windows 10 , 64 bit Build 18362 (10.0.18362.329)
Time: Fri Apr  3 17:47:35 2020 GMT Daylight Time elapsed time: 1 seconds (0d 0h 0m 1s)

---------------  T H R E A D  ---------------

Current thread (0x000002c1f34f1800):  VMThread "VM Thread" [stack: 0x000000f55a000000,0x000000f55a100000] [id=6856]

Stack: [0x000000f55a000000,0x000000f55a100000]
[error occurred during error reporting (printing stack bounds), id 0xc0000005, EXCEPTION_ACCESS_VIOLATION (0xc0000005) at pc=0x000002c1df900bbd]

Native frames: (J=compiled Java code, j=interpreted, Vv=VM code, C=native code)
V  [jvm.dll+0x635bda]
V  [jvm.dll+0x77360f]
V  [jvm.dll+0x774cba]
V  [jvm.dll+0x7752d5]
V  [jvm.dll+0x77528b]
V  [jvm.dll+0x6352e6]
V  [jvm.dll+0x6356a8]
C  [ntdll.dll+0xa121f]
C  [ntdll.dll+0x6a289]
C  [ntdll.dll+0x9fe8e]
C  0x000002c1df900bbd

VM_Operation (0x000000f559afd8e0): G1CollectForAllocation, mode: safepoint, requested by thread 0x000002c1d75b8800


---------------  P R O C E S S  ---------------

Threads class SMR info:
_java_thread_list=0x000002c1f3803760, length=10, elements={
0x000002c1d75b8800, 0x000002c1f34f2800, 0x000002c1f34f4000, 0x000002c1f3584800,
0x000002c1f3586000, 0x000002c1f3588000, 0x000002c1f353d000, 0x000002c1f3593000,
0x000002c1f37fa800, 0x000002c1f3804800
}

Java Threads: ( => current thread )
  0x000002c1d75b8800 JavaThread "main" [_thread_blocked, id=4412, stack(0x000000f559a00000,0x000000f559b00000)]
  0x000002c1f34f2800 JavaThread "Reference Handler" daemon [_thread_blocked, id=7620, stack(0x000000f55a100000,0x000000f55a200000)]
  0x000002c1f34f4000 JavaThread "Finalizer" daemon [_thread_blocked, id=10548, stack(0x000000f55a200000,0x000000f55a300000)]
  0x000002c1f3584800 JavaThread "Signal Dispatcher" daemon [_thread_blocked, id=11952, stack(0x000000f55a300000,0x000000f55a400000)]
  0x000002c1f3586000 JavaThread "Attach Listener" daemon [_thread_blocked, id=9312, stack(0x000000f55a400000,0x000000f55a500000)]
  0x000002c1f3588000 JavaThread "C2 CompilerThread0" daemon [_thread_blocked, id=6736, stack(0x000000f55a500000,0x000000f55a600000)]
  0x000002c1f353d000 JavaThread "C1 CompilerThread0" daemon [_thread_blocked, id=13932, stack(0x000000f55a600000,0x000000f55a700000)]
  0x000002c1f3593000 JavaThread "Sweeper thread" daemon [_thread_blocked, id=1532, stack(0x000000f55a700000,0x000000f55a800000)]
  0x000002c1f37fa800 JavaThread "Service Thread" daemon [_thread_blocked, id=12248, stack(0x000000f55a800000,0x000000f55a900000)]
  0x000002c1f3804800 JavaThread "Common-Cleaner" daemon [_thread_blocked, id=9124, stack(0x000000f55aa00000,0x000000f55ab00000)]

Other Threads:
=>0x000002c1f34f1800 VMThread "VM Thread" [stack: 0x000000f55a000000,0x000000f55a100000] [id=6856]
  0x000002c1f3801800 WatcherThread [stack: 0x000000f55a900000,0x000000f55aa00000] [id=11208]
  0x000002c1d75cd800 GCTaskThread "GC Thread#0" [stack: 0x000000f559b00000,0x000000f559c00000] [id=740]
  0x000002c1f39d6000 GCTaskThread "GC Thread#1" [stack: 0x000000f55ab00000,0x000000f55ac00000] [id=9308]
  0x000002c1d75e7800 ConcurrentGCThread "G1 Main Marker" [stack: 0x000000f559c00000,0x000000f559d00000] [id=12020]
  0x000002c1d75ea000 ConcurrentGCThread "G1 Conc#0" [stack: 0x000000f559d00000,0x000000f559e00000] [id=2816]
  0x000002c1d762b800 ConcurrentGCThread "G1 Refine#0" [stack: 0x000000f559e00000,0x000000f559f00000] [id=1196]
  0x000002c1d762c800 ConcurrentGCThread "G1 Young RemSet Sampling" [stack: 0x000000f559f00000,0x000000f55a000000] [id=3348]

Threads with active compile tasks:

VM state:at safepoint (normal execution)

VM Mutex/Monitor currently owned by a thread:  ([mutex/lock_event])
[0x000002c1d75b4b30] Threads_lock - owner thread: 0x000002c1f34f1800
[0x000002c1d75b4d70] Heap_lock - owner thread: 0x000002c1d75b8800

Heap address: 0x00000000c2c00000, size: 980 MB, Compressed Oops mode: 32-bit
Narrow klass base: 0x0000000000000000, Narrow klass shift: 3
Compressed class space size: 1073741824 Address: 0x0000000100000000

Heap:
 garbage-first heap   total 387072K, used 75776K [0x00000000c2c00000, 0x0000000100000000)
  region size 1024K, 3 young (3072K), 3 survivors (3072K)
 Metaspace       used 6086K, capacity 6234K, committed 6528K, reserved 1056768K
  class space    used 515K, capacity 541K, committed 640K, reserved 1048576K
Heap Regions: E=young(eden), S=young(survivor), O=old, HS=humongous(starts), HC=humongous(continues), CS=collection set, F=free, A=archive, TAMS=top-at-mark-start (previous, next)
|   0|0x00000000c2c00000, 0x00000000c2d00000, 0x00000000c2d00000|100%| O|  |TAMS 0x00000000c2c00000, 0x00000000c2d00000| Untracked 
|   1|0x00000000c2d00000, 0x00000000c2e00000, 0x00000000c2e00000|100%| O|  |TAMS 0x00000000c2d00000, 0x00000000c2e00000| Untracked 
|   2|0x00000000c2e00000, 0x00000000c2f00000, 0x00000000c2f00000|100%| O|  |TAMS 0x00000000c2e00000, 0x00000000c2f00000| Untracked 
|   3|0x00000000c2f00000, 0x00000000c3000000, 0x00000000c3000000|100%| O|  |TAMS 0x00000000c2f00000, 0x00000000c3000000| Untracked 
|   4|0x00000000c3000000, 0x00000000c3100000, 0x00000000c3100000|100%| O|  |TAMS 0x00000000c3000000, 0x00000000c3100000| Untracked 
|   5|0x00000000c3100000, 0x00000000c3200000, 0x00000000c3200000|100%| O|  |TAMS 0x00000000c3100000, 0x00000000c3200000| Untracked 
|   6|0x00000000c3200000, 0x00000000c3300000, 0x00000000c3300000|100%| O|  |TAMS 0x00000000c3200000, 0x00000000c3300000| Untracked 
|   7|0x00000000c3300000, 0x00000000c3400000, 0x00000000c3400000|100%| O|  |TAMS 0x00000000c3300000, 0x00000000c3400000| Untracked 
|   8|0x00000000c3400000, 0x00000000c3500000, 0x00000000c3500000|100%| O|  |TAMS 0x00000000c3400000, 0x00000000c3500000| Untracked 
|   9|0x00000000c3500000, 0x00000000c3600000, 0x00000000c3600000|100%| O|  |TAMS 0x00000000c3500000, 0x00000000c3600000| Untracked 
|  10|0x00000000c3600000, 0x00000000c3700000, 0x00000000c3700000|100%| O|  |TAMS 0x00000000c3600000, 0x00000000c3700000| Untracked 
|  11|0x00000000c3700000, 0x00000000c3800000, 0x00000000c3800000|100%| O|  |TAMS 0x00000000c3700000, 0x00000000c3800000| Untracked 
|  12|0x00000000c3800000, 0x00000000c3900000, 0x00000000c3900000|100%| O|  |TAMS 0x00000000c3800000, 0x00000000c3900000| Untracked 
|  13|0x00000000c3900000, 0x00000000c3a00000, 0x00000000c3a00000|100%| O|  |TAMS 0x00000000c3900000, 0x00000000c3a00000| Untracked 
|  14|0x00000000c3a00000, 0x00000000c3b00000, 0x00000000c3b00000|100%| O|  |TAMS 0x00000000c3a00000, 0x00000000c3b00000| Untracked 
|  15|0x00000000c3b00000, 0x00000000c3c00000, 0x00000000c3c00000|100%| O|  |TAMS 0x00000000c3b00000, 0x00000000c3c00000| Untracked 
|  16|0x00000000c3c00000, 0x00000000c3d00000, 0x00000000c3d00000|100%| O|  |TAMS 0x00000000c3c00000, 0x00000000c3d00000| Untracked 
|  17|0x00000000c3d00000, 0x00000000c3e00000, 0x00000000c3e00000|100%| O|  |TAMS 0x00000000c3d00000, 0x00000000c3e00000| Untracked 
|  18|0x00000000c3e00000, 0x00000000c3f00000, 0x00000000c3f00000|100%| O|  |TAMS 0x00000000c3e00000, 0x00000000c3f00000| Untracked 
|  19|0x00000000c3f00000, 0x00000000c4000000, 0x00000000c4000000|100%| O|  |TAMS 0x00000000c3f00000, 0x00000000c4000000| Untracked 
|  20|0x00000000c4000000, 0x00000000c4100000, 0x00000000c4100000|100%| O|  |TAMS 0x00000000c4000000, 0x00000000c4100000| Untracked 
|  21|0x00000000c4100000, 0x00000000c4200000, 0x00000000c4200000|100%| O|  |TAMS 0x00000000c4100000, 0x00000000c4200000| Untracked 
|  22|0x00000000c4200000, 0x00000000c4300000, 0x00000000c4300000|100%| O|  |TAMS 0x00000000c4200000, 0x00000000c4300000| Untracked 
|  23|0x00000000c4300000, 0x00000000c4400000, 0x00000000c4400000|100%| O|  |TAMS 0x00000000c4300000, 0x00000000c4400000| Untracked 
|  24|0x00000000c4400000, 0x00000000c4500000, 0x00000000c4500000|100%| O|  |TAMS 0x00000000c4400000, 0x00000000c4500000| Untracked 
|  25|0x00000000c4500000, 0x00000000c4600000, 0x00000000c4600000|100%| O|  |TAMS 0x00000000c4500000, 0x00000000c4600000| Untracked 
|  26|0x00000000c4600000, 0x00000000c4700000, 0x00000000c4700000|100%| O|  |TAMS 0x00000000c4600000, 0x00000000c4700000| Untracked 
|  27|0x00000000c4700000, 0x00000000c4800000, 0x00000000c4800000|100%| O|  |TAMS 0x00000000c4700000, 0x00000000c4800000| Untracked 
|  28|0x00000000c4800000, 0x00000000c4900000, 0x00000000c4900000|100%| O|  |TAMS 0x00000000c4800000, 0x00000000c4900000| Untracked 
|  29|0x00000000c4900000, 0x00000000c4a00000, 0x00000000c4a00000|100%| O|  |TAMS 0x00000000c4900000, 0x00000000c4a00000| Untracked 
|  30|0x00000000c4a00000, 0x00000000c4b00000, 0x00000000c4b00000|100%| O|  |TAMS 0x00000000c4a00000, 0x00000000c4b00000| Untracked 
|  31|0x00000000c4b00000, 0x00000000c4c00000, 0x00000000c4c00000|100%| O|  |TAMS 0x00000000c4b00000, 0x00000000c4c00000| Untracked 
|  32|0x00000000c4c00000, 0x00000000c4d00000, 0x00000000c4d00000|100%| O|  |TAMS 0x00000000c4c00000, 0x00000000c4d00000| Untracked 
|  33|0x00000000c4d00000, 0x00000000c4e00000, 0x00000000c4e00000|100%| O|  |TAMS 0x00000000c4d00000, 0x00000000c4e00000| Untracked 
|  34|0x00000000c4e00000, 0x00000000c4f00000, 0x00000000c4f00000|100%| O|  |TAMS 0x00000000c4e00000, 0x00000000c4f00000| Untracked 
|  35|0x00000000c4f00000, 0x00000000c5000000, 0x00000000c5000000|100%| O|  |TAMS 0x00000000c4f00000, 0x00000000c5000000| Untracked 
|  36|0x00000000c5000000, 0x00000000c5100000, 0x00000000c5100000|100%| O|  |TAMS 0x00000000c5000000, 0x00000000c5100000| Untracked 
|  37|0x00000000c5100000, 0x00000000c5200000, 0x00000000c5200000|100%| O|  |TAMS 0x00000000c5100000, 0x00000000c5200000| Untracked 
|  38|0x00000000c5200000, 0x00000000c5300000, 0x00000000c5300000|100%| O|  |TAMS 0x00000000c5200000, 0x00000000c5300000| Untracked 
|  39|0x00000000c5300000, 0x00000000c5400000, 0x00000000c5400000|100%| O|  |TAMS 0x00000000c5300000, 0x00000000c5400000| Untracked 
|  40|0x00000000c5400000, 0x00000000c5500000, 0x00000000c5500000|100%| O|  |TAMS 0x00000000c5400000, 0x00000000c5500000| Untracked 
|  41|0x00000000c5500000, 0x00000000c5600000, 0x00000000c5600000|100%| O|  |TAMS 0x00000000c5500000, 0x00000000c5600000| Untracked 
|  42|0x00000000c5600000, 0x00000000c5700000, 0x00000000c5700000|100%| O|  |TAMS 0x00000000c5600000, 0x00000000c5700000| Untracked 
|  43|0x00000000c5700000, 0x00000000c5800000, 0x00000000c5800000|100%| O|  |TAMS 0x00000000c5700000, 0x00000000c5800000| Untracked 
|  44|0x00000000c5800000, 0x00000000c5900000, 0x00000000c5900000|100%| O|  |TAMS 0x00000000c5800000, 0x00000000c5900000| Untracked 
|  45|0x00000000c5900000, 0x00000000c5a00000, 0x00000000c5a00000|100%| O|  |TAMS 0x00000000c5900000, 0x00000000c5a00000| Untracked 
|  46|0x00000000c5a00000, 0x00000000c5b00000, 0x00000000c5b00000|100%| O|  |TAMS 0x00000000c5a00000, 0x00000000c5b00000| Untracked 
|  47|0x00000000c5b00000, 0x00000000c5c00000, 0x00000000c5c00000|100%| O|  |TAMS 0x00000000c5b00000, 0x00000000c5c00000| Untracked 
|  48|0x00000000c5c00000, 0x00000000c5d00000, 0x00000000c5d00000|100%| O|  |TAMS 0x00000000c5c00000, 0x00000000c5d00000| Untracked 
|  49|0x00000000c5d00000, 0x00000000c5e00000, 0x00000000c5e00000|100%| O|  |TAMS 0x00000000c5d00000, 0x00000000c5e00000| Untracked 
|  50|0x00000000c5e00000, 0x00000000c5f00000, 0x00000000c5f00000|100%| O|  |TAMS 0x00000000c5e00000, 0x00000000c5f00000| Untracked 
|  51|0x00000000c5f00000, 0x00000000c6000000, 0x00000000c6000000|100%| O|  |TAMS 0x00000000c5f00000, 0x00000000c6000000| Untracked 
|  52|0x00000000c6000000, 0x00000000c6100000, 0x00000000c6100000|100%| O|  |TAMS 0x00000000c6000000, 0x00000000c6100000| Untracked 
|  53|0x00000000c6100000, 0x00000000c6200000, 0x00000000c6200000|100%| O|  |TAMS 0x00000000c6100000, 0x00000000c6200000| Untracked 
|  54|0x00000000c6200000, 0x00000000c6300000, 0x00000000c6300000|100%| O|  |TAMS 0x00000000c6200000, 0x00000000c6300000| Untracked 
|  55|0x00000000c6300000, 0x00000000c6400000, 0x00000000c6400000|100%| O|  |TAMS 0x00000000c6300000, 0x00000000c6400000| Untracked 
|  56|0x00000000c6400000, 0x00000000c6500000, 0x00000000c6500000|100%| O|  |TAMS 0x00000000c6400000, 0x00000000c6500000| Untracked 
|  57|0x00000000c6500000, 0x00000000c6600000, 0x00000000c6600000|100%| O|  |TAMS 0x00000000c6500000, 0x00000000c6600000| Untracked 
|  58|0x00000000c6600000, 0x00000000c6700000, 0x00000000c6700000|100%| O|  |TAMS 0x00000000c6600000, 0x00000000c6700000| Untracked 
|  59|0x00000000c6700000, 0x00000000c6800000, 0x00000000c6800000|100%| O|  |TAMS 0x00000000c6700000, 0x00000000c6800000| Untracked 
|  60|0x00000000c6800000, 0x00000000c6900000, 0x00000000c6900000|100%| O|  |TAMS 0x00000000c6800000, 0x00000000c6900000| Untracked 
|  61|0x00000000c6900000, 0x00000000c6a00000, 0x00000000c6a00000|100%| O|  |TAMS 0x00000000c6900000, 0x00000000c6a00000| Untracked 
|  62|0x00000000c6a00000, 0x00000000c6b00000, 0x00000000c6b00000|100%| O|  |TAMS 0x00000000c6a00000, 0x00000000c6b00000| Untracked 
|  63|0x00000000c6b00000, 0x00000000c6c00000, 0x00000000c6c00000|100%| O|  |TAMS 0x00000000c6b00000, 0x00000000c6c00000| Untracked 
|  64|0x00000000c6c00000, 0x00000000c6d00000, 0x00000000c6d00000|100%| O|  |TAMS 0x00000000c6c00000, 0x00000000c6d00000| Untracked 
|  65|0x00000000c6d00000, 0x00000000c6e00000, 0x00000000c6e00000|100%| O|  |TAMS 0x00000000c6d00000, 0x00000000c6e00000| Untracked 
|  66|0x00000000c6e00000, 0x00000000c6f00000, 0x00000000c6f00000|100%| O|  |TAMS 0x00000000c6e00000, 0x00000000c6f00000| Untracked 
|  67|0x00000000c6f00000, 0x00000000c7000000, 0x00000000c7000000|100%| O|  |TAMS 0x00000000c6f00000, 0x00000000c7000000| Untracked 
|  68|0x00000000c7000000, 0x00000000c7100000, 0x00000000c7100000|100%| O|  |TAMS 0x00000000c7000000, 0x00000000c7100000| Untracked 
|  69|0x00000000c7100000, 0x00000000c7200000, 0x00000000c7200000|100%| O|  |TAMS 0x00000000c7100000, 0x00000000c7200000| Untracked 
|  70|0x00000000c7200000, 0x00000000c7300000, 0x00000000c7300000|100%| O|  |TAMS 0x00000000c7200000, 0x00000000c7300000| Untracked 
|  71|0x00000000c7300000, 0x00000000c7300000, 0x00000000c7400000|  0%| F|  |TAMS 0x00000000c7300000, 0x00000000c7300000| Untracked 
|  72|0x00000000c7400000, 0x00000000c7400000, 0x00000000c7500000|  0%| F|  |TAMS 0x00000000c7400000, 0x00000000c7400000| Untracked 
|  73|0x00000000c7500000, 0x00000000c7500000, 0x00000000c7600000|  0%| F|  |TAMS 0x00000000c7500000, 0x00000000c7500000| Untracked 
|  74|0x00000000c7600000, 0x00000000c7600000, 0x00000000c7700000|  0%| F|  |TAMS 0x00000000c7600000, 0x00000000c7600000| Untracked 
|  75|0x00000000c7700000, 0x00000000c7700000, 0x00000000c7800000|  0%| F|  |TAMS 0x00000000c7700000, 0x00000000c7700000| Untracked 
|  76|0x00000000c7800000, 0x00000000c7800000, 0x00000000c7900000|  0%| F|  |TAMS 0x00000000c7800000, 0x00000000c7800000| Untracked 
|  77|0x00000000c7900000, 0x00000000c7900000, 0x00000000c7a00000|  0%| F|  |TAMS 0x00000000c7900000, 0x00000000c7900000| Untracked 
|  78|0x00000000c7a00000, 0x00000000c7a00000, 0x00000000c7b00000|  0%| F|  |TAMS 0x00000000c7a00000, 0x00000000c7a00000| Untracked 
|  79|0x00000000c7b00000, 0x00000000c7b00000, 0x00000000c7c00000|  0%| F|  |TAMS 0x00000000c7b00000, 0x00000000c7b00000| Untracked 
|  80|0x00000000c7c00000, 0x00000000c7c00000, 0x00000000c7d00000|  0%| F|  |TAMS 0x00000000c7c00000, 0x00000000c7c00000| Untracked 
|  81|0x00000000c7d00000, 0x00000000c7d00000, 0x00000000c7e00000|  0%| F|  |TAMS 0x00000000c7d00000, 0x00000000c7d00000| Untracked 
|  82|0x00000000c7e00000, 0x00000000c7e00000, 0x00000000c7f00000|  0%| F|  |TAMS 0x00000000c7e00000, 0x00000000c7e00000| Untracked 
|  83|0x00000000c7f00000, 0x00000000c7f00000, 0x00000000c8000000|  0%| F|  |TAMS 0x00000000c7f00000, 0x00000000c7f00000| Untracked 
|  84|0x00000000c8000000, 0x00000000c8000000, 0x00000000c8100000|  0%| F|  |TAMS 0x00000000c8000000, 0x00000000c8000000| Untracked 
|  85|0x00000000c8100000, 0x00000000c8100000, 0x00000000c8200000|  0%| F|  |TAMS 0x00000000c8100000, 0x00000000c8100000| Untracked 
|  86|0x00000000c8200000, 0x00000000c8200000, 0x00000000c8300000|  0%| F|  |TAMS 0x00000000c8200000, 0x00000000c8200000| Untracked 
|  87|0x00000000c8300000, 0x00000000c8300000, 0x00000000c8400000|  0%| F|  |TAMS 0x00000000c8300000, 0x00000000c8300000| Untracked 
|  88|0x00000000c8400000, 0x00000000c8400000, 0x00000000c8500000|  0%| F|  |TAMS 0x00000000c8400000, 0x00000000c8400000| Untracked 
|  89|0x00000000c8500000, 0x00000000c8500000, 0x00000000c8600000|  0%| F|  |TAMS 0x00000000c8500000, 0x00000000c8500000| Untracked 
|  90|0x00000000c8600000, 0x00000000c8600000, 0x00000000c8700000|  0%| F|  |TAMS 0x00000000c8600000, 0x00000000c8600000| Untracked 
|  91|0x00000000c8700000, 0x00000000c8700000, 0x00000000c8800000|  0%| F|  |TAMS 0x00000000c8700000, 0x00000000c8700000| Untracked 
|  92|0x00000000c8800000, 0x00000000c8800000, 0x00000000c8900000|  0%| F|  |TAMS 0x00000000c8800000, 0x00000000c8800000| Untracked 
|  93|0x00000000c8900000, 0x00000000c8900000, 0x00000000c8a00000|  0%| F|  |TAMS 0x00000000c8900000, 0x00000000c8900000| Untracked 
|  94|0x00000000c8a00000, 0x00000000c8a00000, 0x00000000c8b00000|  0%| F|  |TAMS 0x00000000c8a00000, 0x00000000c8a00000| Untracked 
|  95|0x00000000c8b00000, 0x00000000c8b00000, 0x00000000c8c00000|  0%| F|  |TAMS 0x00000000c8b00000, 0x00000000c8b00000| Untracked 
|  96|0x00000000c8c00000, 0x00000000c8c00000, 0x00000000c8d00000|  0%| F|  |TAMS 0x00000000c8c00000, 0x00000000c8c00000| Untracked 
|  97|0x00000000c8d00000, 0x00000000c8d00000, 0x00000000c8e00000|  0%| F|  |TAMS 0x00000000c8d00000, 0x00000000c8d00000| Untracked 
|  98|0x00000000c8e00000, 0x00000000c8e00000, 0x00000000c8f00000|  0%| F|  |TAMS 0x00000000c8e00000, 0x00000000c8e00000| Untracked 
|  99|0x00000000c8f00000, 0x00000000c8f00000, 0x00000000c9000000|  0%| F|  |TAMS 0x00000000c8f00000, 0x00000000c8f00000| Untracked 
| 100|0x00000000c9000000, 0x00000000c9000000, 0x00000000c9100000|  0%| F|  |TAMS 0x00000000c9000000, 0x00000000c9000000| Untracked 
| 101|0x00000000c9100000, 0x00000000c9100000, 0x00000000c9200000|  0%| F|  |TAMS 0x00000000c9100000, 0x00000000c9100000| Untracked 
| 102|0x00000000c9200000, 0x00000000c9200000, 0x00000000c9300000|  0%| F|  |TAMS 0x00000000c9200000, 0x00000000c9200000| Untracked 
| 103|0x00000000c9300000, 0x00000000c9300000, 0x00000000c9400000|  0%| F|  |TAMS 0x00000000c9300000, 0x00000000c9300000| Untracked 
| 104|0x00000000c9400000, 0x00000000c9500000, 0x00000000c9500000|100%| S|CS|TAMS 0x00000000c9400000, 0x00000000c9400000| Complete 
| 105|0x00000000c9500000, 0x00000000c9600000, 0x00000000c9600000|100%| S|CS|TAMS 0x00000000c9500000, 0x00000000c9500000| Complete 
| 106|0x00000000c9600000, 0x00000000c9700000, 0x00000000c9700000|100%| S|CS|TAMS 0x00000000c9600000, 0x00000000c9600000| Complete 
| 107|0x00000000c9700000, 0x00000000c9700000, 0x00000000c9800000|  0%| F|  |TAMS 0x00000000c9700000, 0x00000000c9700000| Untracked 
| 108|0x00000000c9800000, 0x00000000c9800000, 0x00000000c9900000|  0%| F|  |TAMS 0x00000000c9800000, 0x00000000c9800000| Untracked 
| 109|0x00000000c9900000, 0x00000000c9900000, 0x00000000c9a00000|  0%| F|  |TAMS 0x00000000c9900000, 0x00000000c9900000| Untracked 
| 110|0x00000000c9a00000, 0x00000000c9a00000, 0x00000000c9b00000|  0%| F|  |TAMS 0x00000000c9a00000, 0x00000000c9a00000| Untracked 
| 111|0x00000000c9b00000, 0x00000000c9b00000, 0x00000000c9c00000|  0%| F|  |TAMS 0x00000000c9b00000, 0x00000000c9b00000| Untracked 
| 112|0x00000000c9c00000, 0x00000000c9c00000, 0x00000000c9d00000|  0%| F|  |TAMS 0x00000000c9c00000, 0x00000000c9c00000| Untracked 
| 113|0x00000000c9d00000, 0x00000000c9d00000, 0x00000000c9e00000|  0%| F|  |TAMS 0x00000000c9d00000, 0x00000000c9d00000| Untracked 
| 114|0x00000000c9e00000, 0x00000000c9e00000, 0x00000000c9f00000|  0%| F|  |TAMS 0x00000000c9e00000, 0x00000000c9e00000| Untracked 
| 115|0x00000000c9f00000, 0x00000000c9f00000, 0x00000000ca000000|  0%| F|  |TAMS 0x00000000c9f00000, 0x00000000c9f00000| Untracked 
| 116|0x00000000ca000000, 0x00000000ca000000, 0x00000000ca100000|  0%| F|  |TAMS 0x00000000ca000000, 0x00000000ca000000| Untracked 
| 117|0x00000000ca100000, 0x00000000ca100000, 0x00000000ca200000|  0%| F|  |TAMS 0x00000000ca100000, 0x00000000ca100000| Untracked 
| 118|0x00000000ca200000, 0x00000000ca200000, 0x00000000ca300000|  0%| F|  |TAMS 0x00000000ca200000, 0x00000000ca200000| Untracked 
| 119|0x00000000ca300000, 0x00000000ca300000, 0x00000000ca400000|  0%| F|  |TAMS 0x00000000ca300000, 0x00000000ca300000| Untracked 
| 120|0x00000000ca400000, 0x00000000ca400000, 0x00000000ca500000|  0%| F|  |TAMS 0x00000000ca400000, 0x00000000ca400000| Untracked 
| 121|0x00000000ca500000, 0x00000000ca500000, 0x00000000ca600000|  0%| F|  |TAMS 0x00000000ca500000, 0x00000000ca500000| Untracked 
| 122|0x00000000ca600000, 0x00000000ca600000, 0x00000000ca700000|  0%| F|  |TAMS 0x00000000ca600000, 0x00000000ca600000| Untracked 
| 123|0x00000000ca700000, 0x00000000ca700000, 0x00000000ca800000|  0%| F|  |TAMS 0x00000000ca700000, 0x00000000ca700000| Untracked 
| 124|0x00000000ca800000, 0x00000000ca800000, 0x00000000ca900000|  0%| F|  |TAMS 0x00000000ca800000, 0x00000000ca800000| Untracked 
| 125|0x00000000ca900000, 0x00000000ca900000, 0x00000000caa00000|  0%| F|  |TAMS 0x00000000ca900000, 0x00000000ca900000| Untracked 

Card table byte_map: [0x000002c1d7380000,0x000002c1d7570000] _byte_map_base: 0x000002c1d6d6a000

Marking Bits (Prev, Next): (CMBitMap*) 0x000002c1d75e2fe8, (CMBitMap*) 0x000002c1d75e3020
 Prev Bits: [0x000002c1eeaf0000, 0x000002c1efa40000)
 Next Bits: [0x000002c1efa40000, 0x000002c1f0990000)

Polling page: 0x000002c1d5020000

Metaspace:

Usage:
  Non-class:      5.56 MB capacity,     5.44 MB ( 98%) used,   118.02 KB (  2%) free+waste,     3.50 KB ( <1%) overhead. 
      Class:    541.00 KB capacity,   515.08 KB ( 95%) used,    24.30 KB (  4%) free+waste,     1.63 KB ( <1%) overhead. 
       Both:      6.09 MB capacity,     5.94 MB ( 98%) used,   142.32 KB (  2%) free+waste,     5.13 KB ( <1%) overhead. 

Virtual space:
  Non-class space:        8.00 MB reserved,       5.75 MB ( 72%) committed 
      Class space:        1.00 GB reserved,     640.00 KB ( <1%) committed 
             Both:        1.01 GB reserved,       6.38 MB ( <1%) committed 

Chunk freelists:
   Non-Class:  384 bytes
       Class:  384 bytes
        Both:  768 bytes

CodeHeap 'non-profiled nmethods': size=120064Kb used=177Kb max_used=177Kb free=119886Kb
 bounds [0x000002c1e73c0000, 0x000002c1e7630000, 0x000002c1ee900000]
CodeHeap 'profiled nmethods': size=120000Kb used=474Kb max_used=474Kb free=119525Kb
 bounds [0x000002c1dfe90000, 0x000002c1e0100000, 0x000002c1e73c0000]
CodeHeap 'non-nmethods': size=5696Kb used=1026Kb max_used=1046Kb free=4669Kb
 bounds [0x000002c1df900000, 0x000002c1dfb70000, 0x000002c1dfe90000]
 total_blobs=705 nmethods=280 adapters=218
 compilation: enabled
              stopped_count=0, restarted_count=0
 full_count=0

Compilation events (10 events):
Event: 1.176 Thread 0x000002c1f3588000  278       4       java.util.Arrays::copyOf (40 bytes)
Event: 1.179 Thread 0x000002c1f3588000 nmethod 278 0x000002c1e73e8090 code [0x000002c1e73e8240, 0x000002c1e73e83f8]
Event: 1.191 Thread 0x000002c1f3588000  279       4       java.lang.String::split (324 bytes)
Event: 1.330 Thread 0x000002c1f3588000 nmethod 279 0x000002c1e73e8590 code [0x000002c1e73e8800, 0x000002c1e73ea8e8]
Event: 1.330 Thread 0x000002c1f3588000  282       4       java.util.ArrayList$SubList::toArray (79 bytes)
Event: 1.334 Thread 0x000002c1f3588000 nmethod 282 0x000002c1e73ebb10 code [0x000002c1e73ebcc0, 0x000002c1e73ebf18]
Event: 1.334 Thread 0x000002c1f3588000  280       4       java.util.AbstractList::subListRangeCheck (110 bytes)
Event: 1.334 Thread 0x000002c1f3588000 nmethod 280 0x000002c1e73ec090 code [0x000002c1e73ec220, 0x000002c1e73ec2b8]
Event: 1.334 Thread 0x000002c1f3588000  281       4       java.util.ArrayList$SubList::<init> (35 bytes)
Event: 1.337 Thread 0x000002c1f3588000 nmethod 281 0x000002c1e73ec390 code [0x000002c1e73ec520, 0x000002c1e73ec6b8]

GC Heap History (10 events):
Event: 0.535 GC heap after
{Heap after GC invocations=4 (full 0):
 garbage-first heap   total 63488K, used 18806K [0x00000000c2c00000, 0x0000000100000000)
  region size 1024K, 2 young (2048K), 2 survivors (2048K)
 Metaspace       used 6085K, capacity 6234K, committed 6528K, reserved 1056768K
  class space    used 515K, capacity 541K, committed 640K, reserved 1048576K
}
Event: 0.622 GC heap before
{Heap before GC invocations=4 (full 0):
 garbage-first heap   total 63488K, used 31094K [0x00000000c2c00000, 0x0000000100000000)
  region size 1024K, 14 young (14336K), 2 survivors (2048K)
 Metaspace       used 6086K, capacity 6234K, committed 6528K, reserved 1056768K
  class space    used 515K, capacity 541K, committed 640K, reserved 1048576K
}
Event: 0.653 GC heap after
{Heap after GC invocations=5 (full 0):
 garbage-first heap   total 129024K, used 26624K [0x00000000c2c00000, 0x0000000100000000)
  region size 1024K, 2 young (2048K), 2 survivors (2048K)
 Metaspace       used 6086K, capacity 6234K, committed 6528K, reserved 1056768K
  class space    used 515K, capacity 541K, committed 640K, reserved 1048576K
}
Event: 1.005 GC heap before
{Heap before GC invocations=5 (full 0):
 garbage-first heap   total 129024K, used 45056K [0x00000000c2c00000, 0x0000000100000000)
  region size 1024K, 20 young (20480K), 2 survivors (2048K)
 Metaspace       used 6086K, capacity 6234K, committed 6528K, reserved 1056768K
  class space    used 515K, capacity 541K, committed 640K, reserved 1048576K
}
Event: 1.045 GC heap after
{Heap after GC invocations=6 (full 0):
 garbage-first heap   total 129024K, used 37376K [0x00000000c2c00000, 0x0000000100000000)
  region size 1024K, 3 young (3072K), 3 survivors (3072K)
 Metaspace       used 6086K, capacity 6234K, committed 6528K, reserved 1056768K
  class space    used 515K, capacity 541K, committed 640K, reserved 1048576K
}
Event: 1.119 GC heap before
{Heap before GC invocations=6 (full 0):
 garbage-first heap   total 129024K, used 59904K [0x00000000c2c00000, 0x0000000100000000)
  region size 1024K, 25 young (25600K), 3 survivors (3072K)
 Metaspace       used 6086K, capacity 6234K, committed 6528K, reserved 1056768K
  class space    used 515K, capacity 541K, committed 640K, reserved 1048576K
}
Event: 1.166 GC heap after
{Heap after GC invocations=7 (full 0):
 garbage-first heap   total 129024K, used 50688K [0x00000000c2c00000, 0x0000000100000000)
  region size 1024K, 4 young (4096K), 4 survivors (4096K)
 Metaspace       used 6086K, capacity 6234K, committed 6528K, reserved 1056768K
  class space    used 515K, capacity 541K, committed 640K, reserved 1048576K
}
Event: 1.234 GC heap before
{Heap before GC invocations=7 (full 0):
 garbage-first heap   total 129024K, used 73216K [0x00000000c2c00000, 0x0000000100000000)
  region size 1024K, 26 young (26624K), 4 survivors (4096K)
 Metaspace       used 6086K, capacity 6234K, committed 6528K, reserved 1056768K
  class space    used 515K, capacity 541K, committed 640K, reserved 1048576K
}
Event: 1.278 GC heap after
{Heap after GC invocations=8 (full 0):
 garbage-first heap   total 129024K, used 64000K [0x00000000c2c00000, 0x0000000100000000)
  region size 1024K, 4 young (4096K), 4 survivors (4096K)
 Metaspace       used 6086K, capacity 6234K, committed 6528K, reserved 1056768K
  class space    used 515K, capacity 541K, committed 640K, reserved 1048576K
}
Event: 1.358 GC heap before
{Heap before GC invocations=8 (full 0):
 garbage-first heap   total 129024K, used 83456K [0x00000000c2c00000, 0x0000000100000000)
  region size 1024K, 23 young (23552K), 4 survivors (4096K)
 Metaspace       used 6086K, capacity 6234K, committed 6528K, reserved 1056768K
  class space    used 515K, capacity 541K, committed 640K, reserved 1048576K
}

Deoptimization events (6 events):
Event: 0.133 Thread 0x000002c1d75b8800 Uncommon trap: reason=unstable_if action=reinterpret pc=0x000002c1e73c4b7c method=java.lang.String.hashCode()I @ 14 c2
Event: 0.580 Thread 0x000002c1d75b8800 Uncommon trap: reason=unstable_if action=reinterpret pc=0x000002c1e73d2960 method=java.io.BufferedReader.readLine(Z)Ljava/lang/String; @ 265 c2
Event: 0.598 Thread 0x000002c1d75b8800 Uncommon trap: reason=intrinsic_or_type_checked_inlining action=make_not_entrant pc=0x000002c1e73d95f8 method=java.util.ArrayList$SubList.toArray([Ljava/lang/Object;)[Ljava/lang/Object; @ 58 c2
Event: 0.599 Thread 0x000002c1d75b8800 Uncommon trap: reason=intrinsic_or_type_checked_inlining action=make_not_entrant pc=0x000002c1e73d5c38 method=java.util.ArrayList$SubList.toArray([Ljava/lang/Object;)[Ljava/lang/Object; @ 58 c2
Event: 0.700 Thread 0x000002c1d75b8800 Uncommon trap: reason=range_check action=reinterpret pc=0x000002c1e73cd5c4 method=java.lang.StringLatin1.indexOf([BII)I @ 13 c2
Event: 1.167 Thread 0x000002c1d75b8800 Uncommon trap: reason=range_check action=reinterpret pc=0x000002c1e73df33c method=java.lang.StringLatin1.indexOf([BII)I @ 13 c2

Classes redefined (0 events):
No events

Internal exceptions (1 events):
Event: 0.186 Thread 0x000002c1d75b8800 Exception <a 'java/lang/NoSuchMethodError'{0x00000000c681c680}: java.lang.invoke.DirectMethodHandle$Holder.invokeSpecialIFC(Ljava/lang/Object;Ljava/lang/Object;I)I> (0x00000000c681c680) thrown at [t:/workspace/open/src/hotspot/share/interpreter/linkResolv

Events (10 events):
Event: 1.310 Thread 0x000002c1d75b8800 DEOPT UNPACKING pc=0x000002c1df92813f sp=0x000000f559afe498 mode 0
Event: 1.311 Thread 0x000002c1d75b8800 DEOPT PACKING pc=0x000002c1dff04d51 sp=0x000000f559afeec0
Event: 1.311 Thread 0x000002c1d75b8800 DEOPT UNPACKING pc=0x000002c1df92813f sp=0x000000f559afe498 mode 0
Event: 1.318 Thread 0x000002c1d75b8800 DEOPT PACKING pc=0x000002c1dff04d51 sp=0x000000f559afeec0
Event: 1.318 Thread 0x000002c1d75b8800 DEOPT UNPACKING pc=0x000002c1df92813f sp=0x000000f559afe498 mode 0
Event: 1.320 Thread 0x000002c1d75b8800 DEOPT PACKING pc=0x000002c1dff04d51 sp=0x000000f559afeec0
Event: 1.320 Thread 0x000002c1d75b8800 DEOPT UNPACKING pc=0x000002c1df92813f sp=0x000000f559afe498 mode 0
Event: 1.322 Thread 0x000002c1d75b8800 DEOPT PACKING pc=0x000002c1dff04d51 sp=0x000000f559afeec0
Event: 1.322 Thread 0x000002c1d75b8800 DEOPT UNPACKING pc=0x000002c1df92813f sp=0x000000f559afe498 mode 0
Event: 1.358 Executing VM operation: G1CollectForAllocation


Dynamic libraries:
0x00007ff76e880000 - 0x00007ff76e8c7000 	C:\Program Files\Java\jdk-11.0.4\bin\javaw.exe
0x00007fff7ae80000 - 0x00007fff7b070000 	C:\Windows\SYSTEM32\ntdll.dll
0x00007fff79e10000 - 0x00007fff79ec2000 	C:\Windows\System32\KERNEL32.DLL
0x00007fff77fd0000 - 0x00007fff78273000 	C:\Windows\System32\KERNELBASE.dll
0x00007fff7a130000 - 0x00007fff7a1d3000 	C:\Windows\System32\ADVAPI32.dll
0x00007fff7a010000 - 0x00007fff7a0ae000 	C:\Windows\System32\msvcrt.dll
0x00007fff79990000 - 0x00007fff79a27000 	C:\Windows\System32\sechost.dll
0x00007fff79010000 - 0x00007fff79130000 	C:\Windows\System32\RPCRT4.dll
0x00007fff79300000 - 0x00007fff79494000 	C:\Windows\System32\USER32.dll
0x00007fff786e0000 - 0x00007fff78701000 	C:\Windows\System32\win32u.dll
0x00007fff79270000 - 0x00007fff79296000 	C:\Windows\System32\GDI32.dll
0x00007fff78460000 - 0x00007fff785f4000 	C:\Windows\System32\gdi32full.dll
0x00007fff78710000 - 0x00007fff787ae000 	C:\Windows\System32\msvcp_win.dll
0x00007fff78360000 - 0x00007fff7845a000 	C:\Windows\System32\ucrtbase.dll
0x00007fff5e010000 - 0x00007fff5e295000 	C:\Windows\WinSxS\amd64_microsoft.windows.common-controls_6595b64144ccf1df_6.0.18362.720_none_e6beb5c51314836b\COMCTL32.dll
0x00007fff79ad0000 - 0x00007fff79e06000 	C:\Windows\System32\combase.dll
0x00007fff6f0b0000 - 0x00007fff6f0ba000 	C:\Windows\SYSTEM32\VERSION.dll
0x00007fff78280000 - 0x00007fff78300000 	C:\Windows\System32\bcryptPrimitives.dll
0x00007fff79aa0000 - 0x00007fff79ace000 	C:\Windows\System32\IMM32.DLL
0x00007fff70550000 - 0x00007fff70580000 	C:\PROGRA~1\BULLGU~1\BULLGU~1\BgAgent.dll
0x00007fff714a0000 - 0x00007fff714b6000 	C:\Program Files\Java\jdk-11.0.4\bin\vcruntime140.dll
0x00007fff563c0000 - 0x00007fff5646a000 	C:\Program Files\Java\jdk-11.0.4\bin\msvcp140.dll
0x00007fff33030000 - 0x00007fff33b57000 	C:\Program Files\Java\jdk-11.0.4\bin\server\jvm.dll
0x00007fff7a120000 - 0x00007fff7a128000 	C:\Windows\System32\PSAPI.DLL
0x00007fff74370000 - 0x00007fff74379000 	C:\Windows\SYSTEM32\WSOCK32.dll
0x00007fff75af0000 - 0x00007fff75b14000 	C:\Windows\SYSTEM32\WINMM.dll
0x00007fff7a0b0000 - 0x00007fff7a11f000 	C:\Windows\System32\WS2_32.dll
0x00007fff75ac0000 - 0x00007fff75aed000 	C:\Windows\SYSTEM32\WINMMBASE.dll
0x00007fff77f80000 - 0x00007fff77fca000 	C:\Windows\System32\cfgmgr32.dll
0x00007fff77d50000 - 0x00007fff77d61000 	C:\Windows\System32\kernel.appcore.dll
0x00007fff71120000 - 0x00007fff71131000 	C:\Program Files\Java\jdk-11.0.4\bin\verify.dll
0x00007fff76720000 - 0x00007fff76914000 	C:\Windows\SYSTEM32\DBGHELP.DLL
0x00007fff62bd0000 - 0x00007fff62bfa000 	C:\Windows\SYSTEM32\dbgcore.DLL
0x00007fff6c880000 - 0x00007fff6c8a9000 	C:\Program Files\Java\jdk-11.0.4\bin\java.dll
0x00007fff6d730000 - 0x00007fff6d746000 	C:\Program Files\Java\jdk-11.0.4\bin\zip.dll
0x00007fff74320000 - 0x00007fff7432a000 	C:\Program Files\Java\jdk-11.0.4\bin\jimage.dll
0x00007fff7a750000 - 0x00007fff7ae35000 	C:\Windows\System32\SHELL32.dll
0x00007fff791c0000 - 0x00007fff79269000 	C:\Windows\System32\shcore.dll
0x00007fff787b0000 - 0x00007fff78f30000 	C:\Windows\System32\windows.storage.dll
0x00007fff77de0000 - 0x00007fff77e03000 	C:\Windows\System32\profapi.dll
0x00007fff77d90000 - 0x00007fff77dda000 	C:\Windows\System32\powrprof.dll
0x00007fff77d40000 - 0x00007fff77d50000 	C:\Windows\System32\UMPDC.dll
0x00007fff792a0000 - 0x00007fff792f2000 	C:\Windows\System32\shlwapi.dll
0x00007fff77e10000 - 0x00007fff77e27000 	C:\Windows\System32\cryptsp.dll

dbghelp: loaded successfully - version: 4.0.5 - missing functions: none
symbol engine: initialized successfully - sym options: 0x614 - pdb path: .;C:\Program Files\Java\jdk-11.0.4\bin;C:\Windows\SYSTEM32;C:\Windows\WinSxS\amd64_microsoft.windows.common-controls_6595b64144ccf1df_6.0.18362.720_none_e6beb5c51314836b;C:\PROGRA~1\BULLGU~1\BULLGU~1;C:\Program Files\Java\jdk-11.0.4\bin\server

VM Arguments:
jvm_args: -Dfile.encoding=Cp1252 
java_command: ie.gmit.sw.Runner
java_class_path (initial): C:\Users\Welshie\eclipse-workspace\Data Structures Project\bin
Launcher Type: SUN_STANDARD

[Global flags]
     intx CICompilerCount                          = 2                                         {product} {ergonomic}
     uint ConcGCThreads                            = 1                                         {product} {ergonomic}
     uint G1ConcRefinementThreads                  = 2                                         {product} {ergonomic}
   size_t G1HeapRegionSize                         = 1048576                                   {product} {ergonomic}
    uintx GCDrainStackTargetSize                   = 64                                        {product} {ergonomic}
   size_t InitialHeapSize                          = 65011712                                  {product} {ergonomic}
   size_t MarkStackSize                            = 4194304                                   {product} {ergonomic}
   size_t MaxHeapSize                              = 1027604480                                {product} {ergonomic}
   size_t MaxNewSize                               = 616562688                                 {product} {ergonomic}
   size_t MinHeapDeltaBytes                        = 1048576                                   {product} {ergonomic}
    uintx NonNMethodCodeHeapSize                   = 5824844                                {pd product} {ergonomic}
    uintx NonProfiledCodeHeapSize                  = 122916698                              {pd product} {ergonomic}
    uintx ProfiledCodeHeapSize                     = 122916698                              {pd product} {ergonomic}
    uintx ReservedCodeCacheSize                    = 251658240                              {pd product} {ergonomic}
     bool SegmentedCodeCache                       = true                                      {product} {ergonomic}
     bool UseCompressedClassPointers               = true                                 {lp64_product} {ergonomic}
     bool UseCompressedOops                        = true                                 {lp64_product} {ergonomic}
     bool UseG1GC                                  = true                                      {product} {ergonomic}
     bool UseLargePagesIndividualAllocation        = false                                  {pd product} {ergonomic}

Logging:
Log output configuration:
 #0: stdout all=warning uptime,level,tags
 #1: stderr all=off uptime,level,tags

Environment Variables:
PATH=C:/Program Files/Java/jdk-11.0.4/bin/server;C:/Program Files/Java/jdk-11.0.4/bin;C:\Python27\;C:\Python27\Scripts;C:\Windows\system32;C:\Windows;C:\Windows\System32\Wbem;C:\Windows\System32\WindowsPowerShell\v1.0\;C:\Windows\System32\OpenSSH\;C:\Program Files\dotnet\;C:\Program Files\Microsoft SQL Server\130\Tools\Binn\;C:\Program Files\nodejs\;C:\ProgramData\chocolatey\bin;C:\Program Files\Git\cmd;C:\Users\Welshie\AppData\Local\Microsoft\WindowsApps;;C:\Users\Welshie\AppData\Local\Programs\Microsoft VS Code\bin;C:\Users\Welshie\AppData\Roaming\npm;C:\Users\Welshie\Desktop;
USERNAME=Welshie
OS=Windows_NT
PROCESSOR_IDENTIFIER=Intel64 Family 6 Model 122 Stepping 1, GenuineIntel



---------------  S Y S T E M  ---------------

OS: Windows 10 , 64 bit Build 18362 (10.0.18362.329)

CPU:total 2 (initial active 2) (2 cores per cpu, 1 threads per core) family 6 model 122 stepping 1, cmov, cx8, fxsr, mmx, sse, sse2, sse3, ssse3, sse4.1, sse4.2, popcnt, aes, clmul, erms, 3dnowpref, tsc, tscinvbit, sha

Memory: 4k page, system-wide physical 3918M (316M free)
TotalPageFile size 6268M (AvailPageFile size 136M)
current process WorkingSet (physical memory assigned to process): 135M, peak: 135M
current process commit charge ("private bytes"): 195M, peak: 447M

vm_info: Java HotSpot(TM) 64-Bit Server VM (11.0.4+10-LTS) for windows-amd64 JRE (11.0.4+10-LTS), built on Jul  4 2019 16:28:13 by "mach5one" with MS VC++ 15.5 (VS2017)

END.
